19:51:49.358 INFO  - Processing command line option -hwspec /home/vens/classes/Fall2014/cpre488/labs/final/Final/system/SDK/SDK_Export/hw/system.xml. 
20:10:31.491 INFO  - FPGA configured successfully with bitstream "/home/vens/classes/Fall2014/cpre488/labs/final/Final/sw/system_hw_platform/system.bit" 
20:10:42.994 INFO  - Processor reset is completed for ps7_cortexa9_0 
20:10:43.094 INFO  - PS initialization will be done as it is not done before. 
20:10:43.100 INFO  - Running PS initialization.... 
20:10:44.212 INFO  - ps7_init is completed. 
20:10:44.312 INFO  - ps7_post_config is completed. 
20:10:44.412 INFO  - PS Initialization is complete. 
20:18:32.917 INFO  - Saving repository preferences. 
20:18:32.947 INFO  - Reading in cores from local repositories: 
		 /home/vens/classes/Fall2014/cpre488/labs/final/Final/repository/ProcessorIPLib 
20:18:33.116 INFO  - Updating libgen.options on all BSP projects. 
20:18:33.155 INFO  - Cleaning BSP projects in the workspace. 
20:20:43.960 INFO  - Settings changed on project final_bsp. Triggering a rebuild... 
20:20:45.904 INFO  - Refreshed build settings on project fmc_imageon_framebuffer 
20:20:45.938 INFO  - Refreshed build settings on project hello_world 
20:24:54.869 INFO  - Processor reset is completed for ps7_cortexa9_0 
20:30:38.741 INFO  - Processor reset is completed for ps7_cortexa9_0 
20:31:28.016 INFO  - ps7_cortexa9_0 Processor is in use. Please stop existing Run or Debug sessions before launching. 
20:31:31.416 INFO  - Processor reset is completed for ps7_cortexa9_0 
20:50:15.892 INFO  - Processor reset is completed for ps7_cortexa9_0 
20:59:48.337 INFO  - Processor reset is completed for ps7_cortexa9_0 
22:02:56.164 ERROR - Unexpected error while parsing XMD response ￿: com.google.gson.JsonSyntaxException: com.google.gson.stream.MalformedJsonException: invalid number or unquoted string near  
22:17:55.917 INFO  - Project system_hw_platform's source hardware specification located at /home/vens/classes/Fall2014/cpre488/labs/final/Final/system/SDK/SDK_Export/hw/system.xml is now different from the local copy.
		 The local copy will be replaced with the source specification and your workspace will be updated. 
22:18:13.145 INFO  - Copied contents of /home/vens/classes/Fall2014/cpre488/labs/final/Final/system/SDK/SDK_Export/hw/system.xml into /system_hw_platform/system.xml. 
22:18:13.557 INFO  - Copied contents of /home/vens/classes/Fall2014/cpre488/labs/final/Final/system/SDK/SDK_Export/hw/system.bit into /system_hw_platform/system.bit. 
22:18:14.904 INFO  - Copied contents of /home/vens/classes/Fall2014/cpre488/labs/final/Final/system/SDK/SDK_Export/hw/ps7_init.c into /system_hw_platform/ps7_init.c. 
22:18:15.296 INFO  - Copied contents of /home/vens/classes/Fall2014/cpre488/labs/final/Final/system/SDK/SDK_Export/hw/ps7_init.h into /system_hw_platform/ps7_init.h. 
22:18:15.541 INFO  - Copied contents of /home/vens/classes/Fall2014/cpre488/labs/final/Final/system/SDK/SDK_Export/hw/ps7_init.html into /system_hw_platform/ps7_init.html. 
22:18:15.560 INFO  - Copied contents of /home/vens/classes/Fall2014/cpre488/labs/final/Final/system/SDK/SDK_Export/hw/ps7_init.tcl into /system_hw_platform/ps7_init.tcl. 
22:18:16.388 INFO  - Synchronizing projects in the workspace with the hardware platform specification changes. 
22:18:17.584 INFO  - Restoring local repository preferences: 
		 /home/vens/classes/Fall2014/cpre488/labs/final/Final/repository/ProcessorIPLib 
22:18:18.542 INFO  - Updating hardware inferred compiler options for fmc_imageon_framebuffer. 
22:18:19.301 INFO  - Updating hardware inferred compiler options for hello_world. 
22:18:19.332 INFO  - Clearing existing target manager status. 
22:19:02.718 INFO  - FPGA configured successfully with bitstream "/home/vens/classes/Fall2014/cpre488/labs/final/Final/sw/system_hw_platform/system.bit" 
22:20:27.816 INFO  - Processor reset is completed for ps7_cortexa9_0 
22:20:27.916 INFO  - PS initialization will be done as it is not done before. 
22:20:27.920 INFO  - Running PS initialization.... 
22:20:29.005 INFO  - ps7_init is completed. 
22:20:29.105 INFO  - ps7_post_config is completed. 
22:20:29.205 INFO  - PS Initialization is complete. 
22:35:32.593 INFO  - Project system_hw_platform's source hardware specification located at /home/vens/classes/Fall2014/cpre488/labs/final/Final/system/SDK/SDK_Export/hw/system.xml is now different from the local copy.
		 The local copy will be replaced with the source specification and your workspace will be updated. 
22:50:16.816 INFO  - Copied contents of /home/vens/classes/Fall2014/cpre488/labs/final/Final/system/SDK/SDK_Export/hw/system.xml into /system_hw_platform/system.xml. 
22:50:17.230 INFO  - Copied contents of /home/vens/classes/Fall2014/cpre488/labs/final/Final/system/SDK/SDK_Export/hw/system.bit into /system_hw_platform/system.bit. 
22:51:15.725 INFO  - Copied contents of /home/vens/classes/Fall2014/cpre488/labs/final/Final/system/SDK/SDK_Export/hw/ps7_init.c into /system_hw_platform/ps7_init.c. 
22:51:16.003 INFO  - Copied contents of /home/vens/classes/Fall2014/cpre488/labs/final/Final/system/SDK/SDK_Export/hw/ps7_init.h into /system_hw_platform/ps7_init.h. 
22:51:16.094 INFO  - Copied contents of /home/vens/classes/Fall2014/cpre488/labs/final/Final/system/SDK/SDK_Export/hw/ps7_init.html into /system_hw_platform/ps7_init.html. 
22:51:16.110 INFO  - Copied contents of /home/vens/classes/Fall2014/cpre488/labs/final/Final/system/SDK/SDK_Export/hw/ps7_init.tcl into /system_hw_platform/ps7_init.tcl. 
22:51:16.762 INFO  - Synchronizing projects in the workspace with the hardware platform specification changes. 
22:51:18.483 INFO  - Updating hardware inferred compiler options for fmc_imageon_framebuffer. 
22:51:19.237 INFO  - Updating hardware inferred compiler options for hello_world. 
22:51:19.267 INFO  - Clearing existing target manager status. 
22:52:45.333 INFO  - FPGA configured successfully with bitstream "/home/vens/classes/Fall2014/cpre488/labs/final/Final/sw/system_hw_platform/system.bit" 
22:52:59.674 INFO  - Processor reset is completed for ps7_cortexa9_0 
22:52:59.774 INFO  - PS initialization will be done as it is not done before. 
22:52:59.777 INFO  - Running PS initialization.... 
22:53:00.889 INFO  - ps7_init is completed. 
22:53:00.989 INFO  - ps7_post_config is completed. 
22:53:01.089 INFO  - PS Initialization is complete. 
22:58:43.463 ERROR - Unexpected error while parsing XMD response ￿: com.google.gson.JsonSyntaxException: com.google.gson.stream.MalformedJsonException: invalid number or unquoted string near  
15:50:07.319 INFO  - FPGA configured successfully with bitstream "/home/vens/classes/Fall2014/cpre488/labs/final/Final/sw/system_hw_platform/system.bit" 
15:50:15.161 INFO  - Processor reset is completed for ps7_cortexa9_0 
15:50:15.261 INFO  - PS initialization will be done as it is not done before. 
15:50:15.268 INFO  - Running PS initialization.... 
15:50:16.287 INFO  - ps7_init is completed. 
15:50:16.387 INFO  - ps7_post_config is completed. 
15:50:16.487 INFO  - PS Initialization is complete. 
15:54:44.297 INFO  - Processor reset is completed for ps7_cortexa9_0 
15:56:51.646 INFO  - Processor reset is completed for ps7_cortexa9_0 
15:57:43.958 INFO  - ps7_cortexa9_0 Processor is in use. Please stop existing Run or Debug sessions before launching. 
15:57:46.262 INFO  - Processor reset is completed for ps7_cortexa9_0 
16:02:44.015 INFO  - ps7_cortexa9_0 Processor is in use. Please stop existing Run or Debug sessions before launching. 
16:02:49.605 INFO  - Processor reset is completed for ps7_cortexa9_0 
16:04:25.014 INFO  - ps7_cortexa9_0 Processor is in use. Please stop existing Run or Debug sessions before launching. 
16:04:28.404 INFO  - Processor reset is completed for ps7_cortexa9_0 
16:14:32.010 INFO  - ps7_cortexa9_0 Processor is in use. Please stop existing Run or Debug sessions before launching. 
16:14:33.408 INFO  - Processor reset is completed for ps7_cortexa9_0 
16:18:42.927 INFO  - Processor reset is completed for ps7_cortexa9_0 
16:19:28.634 INFO  - Processor reset is completed for ps7_cortexa9_0 
16:20:34.905 INFO  - Processor reset is completed for ps7_cortexa9_0 
16:22:47.419 INFO  - Processor reset is completed for ps7_cortexa9_0 
16:23:30.556 INFO  - Processor reset is completed for ps7_cortexa9_0 
16:24:30.978 INFO  - ps7_cortexa9_0 Processor is in use. Please stop existing Run or Debug sessions before launching. 
16:24:33.378 INFO  - Processor reset is completed for ps7_cortexa9_0 
16:26:09.010 INFO  - ps7_cortexa9_0 Processor is in use. Please stop existing Run or Debug sessions before launching. 
16:26:16.416 INFO  - Processor reset is completed for ps7_cortexa9_0 
16:27:55.874 INFO  - Processor reset is completed for ps7_cortexa9_0 
16:28:53.995 INFO  - ps7_cortexa9_0 Processor is in use. Please stop existing Run or Debug sessions before launching. 
16:28:56.395 INFO  - Processor reset is completed for ps7_cortexa9_0 
16:30:04.010 INFO  - ps7_cortexa9_0 Processor is in use. Please stop existing Run or Debug sessions before launching. 
16:30:07.403 INFO  - Processor reset is completed for ps7_cortexa9_0 
16:35:45.813 INFO  - ps7_cortexa9_0 Processor is in use. Please stop existing Run or Debug sessions before launching. 
16:35:48.414 INFO  - Processor reset is completed for ps7_cortexa9_0 
16:37:01.379 INFO  - Processor reset is completed for ps7_cortexa9_0 
16:38:04.674 INFO  - Processor reset is completed for ps7_cortexa9_0 
16:40:07.266 INFO  - Processor reset is completed for ps7_cortexa9_0 
16:40:35.715 INFO  - ps7_cortexa9_0 Processor is in use. Please stop existing Run or Debug sessions before launching. 
16:40:38.416 INFO  - Processor reset is completed for ps7_cortexa9_0 
16:42:30.825 INFO  - ps7_cortexa9_0 Processor is in use. Please stop existing Run or Debug sessions before launching. 
16:42:33.426 INFO  - Processor reset is completed for ps7_cortexa9_0 
17:25:39.011 INFO  - ps7_cortexa9_0 Processor is in use. Please stop existing Run or Debug sessions before launching. 
17:25:42.411 INFO  - Processor reset is completed for ps7_cortexa9_0 
17:31:40.013 INFO  - ps7_cortexa9_0 Processor is in use. Please stop existing Run or Debug sessions before launching. 
17:31:43.403 INFO  - Processor reset is completed for ps7_cortexa9_0 
17:32:51.961 INFO  - ps7_cortexa9_0 Processor is in use. Please stop existing Run or Debug sessions before launching. 
17:32:54.361 INFO  - Processor reset is completed for ps7_cortexa9_0 
17:34:00.782 INFO  - ps7_cortexa9_0 Processor is in use. Please stop existing Run or Debug sessions before launching. 
17:34:03.403 INFO  - Processor reset is completed for ps7_cortexa9_0 
17:34:41.009 INFO  - ps7_cortexa9_0 Processor is in use. Please stop existing Run or Debug sessions before launching. 
17:34:44.403 INFO  - Processor reset is completed for ps7_cortexa9_0 
17:35:52.009 INFO  - ps7_cortexa9_0 Processor is in use. Please stop existing Run or Debug sessions before launching. 
17:35:55.409 INFO  - Processor reset is completed for ps7_cortexa9_0 
17:37:17.372 INFO  - Processor reset is completed for ps7_cortexa9_0 
17:37:55.129 INFO  - ps7_cortexa9_0 Processor is in use. Please stop existing Run or Debug sessions before launching. 
17:37:58.404 INFO  - Processor reset is completed for ps7_cortexa9_0 
17:41:20.557 INFO  - Processor reset is completed for ps7_cortexa9_0 
17:42:04.339 INFO  - ps7_cortexa9_0 Processor is in use. Please stop existing Run or Debug sessions before launching. 
17:42:07.402 INFO  - Processor reset is completed for ps7_cortexa9_0 
17:42:57.010 INFO  - ps7_cortexa9_0 Processor is in use. Please stop existing Run or Debug sessions before launching. 
17:43:00.410 INFO  - Processor reset is completed for ps7_cortexa9_0 
17:43:32.012 INFO  - ps7_cortexa9_0 Processor is in use. Please stop existing Run or Debug sessions before launching. 
17:43:35.403 INFO  - Processor reset is completed for ps7_cortexa9_0 
17:44:53.412 INFO  - ps7_cortexa9_0 Processor is in use. Please stop existing Run or Debug sessions before launching. 
17:44:56.402 INFO  - Processor reset is completed for ps7_cortexa9_0 
17:45:56.464 INFO  - ps7_cortexa9_0 Processor is in use. Please stop existing Run or Debug sessions before launching. 
17:45:59.403 INFO  - Processor reset is completed for ps7_cortexa9_0 
17:49:47.015 INFO  - ps7_cortexa9_0 Processor is in use. Please stop existing Run or Debug sessions before launching. 
17:49:50.403 INFO  - Processor reset is completed for ps7_cortexa9_0 
17:51:17.498 INFO  - Processor reset is completed for ps7_cortexa9_0 
17:51:59.078 INFO  - Processor reset is completed for ps7_cortexa9_0 
17:52:30.293 INFO  - ps7_cortexa9_0 Processor is in use. Please stop existing Run or Debug sessions before launching. 
17:52:33.403 INFO  - Processor reset is completed for ps7_cortexa9_0 
18:00:03.873 INFO  - ps7_cortexa9_0 Processor is in use. Please stop existing Run or Debug sessions before launching. 
18:00:06.373 INFO  - Processor reset is completed for ps7_cortexa9_0 
18:01:00.014 INFO  - ps7_cortexa9_0 Processor is in use. Please stop existing Run or Debug sessions before launching. 
18:01:03.403 INFO  - Processor reset is completed for ps7_cortexa9_0 
19:07:15.020 INFO  - ps7_cortexa9_0 Processor is in use. Please stop existing Run or Debug sessions before launching. 
19:07:20.417 INFO  - Processor reset is completed for ps7_cortexa9_0 
19:13:11.809 INFO  - Processor reset is completed for ps7_cortexa9_0 
19:19:28.015 INFO  - ps7_cortexa9_0 Processor is in use. Please stop existing Run or Debug sessions before launching. 
19:19:31.407 INFO  - Processor reset is completed for ps7_cortexa9_0 
19:20:18.739 INFO  - Processor reset is completed for ps7_cortexa9_0 
19:21:01.392 INFO  - ps7_cortexa9_0 Processor is in use. Please stop existing Run or Debug sessions before launching. 
19:21:08.403 INFO  - Processor reset is completed for ps7_cortexa9_0 
19:21:54.792 INFO  - ps7_cortexa9_0 Processor is in use. Please stop existing Run or Debug sessions before launching. 
19:21:57.393 INFO  - Processor reset is completed for ps7_cortexa9_0 
19:22:29.018 INFO  - ps7_cortexa9_0 Processor is in use. Please stop existing Run or Debug sessions before launching. 
19:22:48.404 INFO  - Processor reset is completed for ps7_cortexa9_0 
19:23:51.360 INFO  - Processor reset is completed for ps7_cortexa9_0 
19:54:23.203 INFO  - ps7_cortexa9_0 Processor is in use. Please stop existing Run or Debug sessions before launching. 
19:54:26.403 INFO  - Processor reset is completed for ps7_cortexa9_0 
20:10:06.997 INFO  - ps7_cortexa9_0 Processor is in use. Please stop existing Run or Debug sessions before launching. 
20:10:19.305 INFO  - Processor reset is completed for ps7_cortexa9_0 
20:12:35.191 INFO  - ps7_cortexa9_0 Processor is in use. Please stop existing Run or Debug sessions before launching. 
20:12:38.403 INFO  - Processor reset is completed for ps7_cortexa9_0 
20:15:43.991 INFO  - Processor reset is completed for ps7_cortexa9_0 
20:23:50.704 INFO  - ps7_cortexa9_0 Processor is in use. Please stop existing Run or Debug sessions before launching. 
20:23:55.405 INFO  - Processor reset is completed for ps7_cortexa9_0 
20:29:21.425 INFO  - ps7_cortexa9_0 Processor is in use. Please stop existing Run or Debug sessions before launching. 
20:29:24.402 INFO  - Processor reset is completed for ps7_cortexa9_0 
20:31:10.009 INFO  - ps7_cortexa9_0 Processor is in use. Please stop existing Run or Debug sessions before launching. 
20:31:13.403 INFO  - Processor reset is completed for ps7_cortexa9_0 
20:32:17.195 INFO  - ps7_cortexa9_0 Processor is in use. Please stop existing Run or Debug sessions before launching. 
20:32:20.403 INFO  - Processor reset is completed for ps7_cortexa9_0 
20:40:05.015 INFO  - FPGA Cable Disconnected. All active launches will be terminated. 
20:41:59.544 ERROR - Unexpected error while parsing XMD response ￿: com.google.gson.JsonSyntaxException: com.google.gson.stream.MalformedJsonException: invalid number or unquoted string near  
20:34:39.558 INFO  - FPGA configured successfully with bitstream "/home/vens/classes/Fall2014/cpre488/labs/final/Final/sw/system_hw_platform/system.bit" 
20:34:47.961 INFO  - Processor reset is completed for ps7_cortexa9_0 
20:34:48.061 INFO  - PS initialization will be done as it is not done before. 
20:34:48.064 INFO  - Running PS initialization.... 
20:34:49.214 INFO  - ps7_init is completed. 
20:34:49.315 INFO  - ps7_post_config is completed. 
20:34:49.415 INFO  - PS Initialization is complete. 
20:37:15.010 INFO  - ps7_cortexa9_0 Processor is in use. Please stop existing Run or Debug sessions before launching. 
20:38:01.015 INFO  - ps7_cortexa9_0 Processor is in use. Please stop existing Run or Debug sessions before launching. 
20:38:04.403 INFO  - Processor reset is completed for ps7_cortexa9_0 
20:39:18.371 INFO  - ps7_cortexa9_0 Processor is in use. Please stop existing Run or Debug sessions before launching. 
20:39:21.307 INFO  - Processor reset is completed for ps7_cortexa9_0 
20:42:41.514 INFO  - ps7_cortexa9_0 Processor is in use. Please stop existing Run or Debug sessions before launching. 
20:42:51.326 INFO  - ps7_cortexa9_0 Processor is in use. Please stop existing Run or Debug sessions before launching. 
20:42:54.403 INFO  - Processor reset is completed for ps7_cortexa9_0 
20:43:50.423 INFO  - ps7_cortexa9_0 Processor is in use. Please stop existing Run or Debug sessions before launching. 
20:43:53.403 INFO  - Processor reset is completed for ps7_cortexa9_0 
20:46:55.500 INFO  - ps7_cortexa9_0 Processor is in use. Please stop existing Run or Debug sessions before launching. 
20:46:58.402 INFO  - Processor reset is completed for ps7_cortexa9_0 
20:47:23.009 INFO  - ps7_cortexa9_0 Processor is in use. Please stop existing Run or Debug sessions before launching. 
20:47:25.304 INFO  - Processor reset is completed for ps7_cortexa9_0 
20:47:51.010 INFO  - ps7_cortexa9_0 Processor is in use. Please stop existing Run or Debug sessions before launching. 
20:47:54.378 INFO  - Processor reset is completed for ps7_cortexa9_0 
20:48:40.360 INFO  - ps7_cortexa9_0 Processor is in use. Please stop existing Run or Debug sessions before launching. 
20:48:43.403 INFO  - Processor reset is completed for ps7_cortexa9_0 
20:49:55.009 INFO  - ps7_cortexa9_0 Processor is in use. Please stop existing Run or Debug sessions before launching. 
20:49:58.407 INFO  - Processor reset is completed for ps7_cortexa9_0 
20:57:12.723 INFO  - Processor reset is completed for ps7_cortexa9_0 
21:00:17.009 INFO  - ps7_cortexa9_0 Processor is in use. Please stop existing Run or Debug sessions before launching. 
21:00:20.438 INFO  - Processor reset is completed for ps7_cortexa9_0 
21:01:38.010 INFO  - ps7_cortexa9_0 Processor is in use. Please stop existing Run or Debug sessions before launching. 
21:01:41.402 INFO  - Processor reset is completed for ps7_cortexa9_0 
21:02:55.010 INFO  - ps7_cortexa9_0 Processor is in use. Please stop existing Run or Debug sessions before launching. 
21:02:58.403 INFO  - Processor reset is completed for ps7_cortexa9_0 
21:05:24.021 INFO  - ps7_cortexa9_0 Processor is in use. Please stop existing Run or Debug sessions before launching. 
21:05:29.328 INFO  - Processor reset is completed for ps7_cortexa9_0 
21:06:31.875 INFO  - ps7_cortexa9_0 Processor is in use. Please stop existing Run or Debug sessions before launching. 
21:06:34.476 INFO  - Processor reset is completed for ps7_cortexa9_0 
21:08:00.017 INFO  - ps7_cortexa9_0 Processor is in use. Please stop existing Run or Debug sessions before launching. 
21:08:03.403 INFO  - Processor reset is completed for ps7_cortexa9_0 
21:11:23.672 INFO  - ps7_cortexa9_0 Processor is in use. Please stop existing Run or Debug sessions before launching. 
21:11:26.403 INFO  - Processor reset is completed for ps7_cortexa9_0 
21:13:16.015 INFO  - ps7_cortexa9_0 Processor is in use. Please stop existing Run or Debug sessions before launching. 
21:13:25.420 INFO  - Processor reset is completed for ps7_cortexa9_0 
21:14:17.634 INFO  - ps7_cortexa9_0 Processor is in use. Please stop existing Run or Debug sessions before launching. 
21:14:20.403 INFO  - Processor reset is completed for ps7_cortexa9_0 
21:15:10.184 INFO  - ps7_cortexa9_0 Processor is in use. Please stop existing Run or Debug sessions before launching. 
21:15:13.407 INFO  - Processor reset is completed for ps7_cortexa9_0 
21:17:11.962 INFO  - ps7_cortexa9_0 Processor is in use. Please stop existing Run or Debug sessions before launching. 
21:17:14.463 INFO  - Processor reset is completed for ps7_cortexa9_0 
21:18:53.952 INFO  - ps7_cortexa9_0 Processor is in use. Please stop existing Run or Debug sessions before launching. 
21:18:58.351 INFO  - Processor reset is completed for ps7_cortexa9_0 
21:21:05.387 INFO  - ps7_cortexa9_0 Processor is in use. Please stop existing Run or Debug sessions before launching. 
21:21:08.403 INFO  - Processor reset is completed for ps7_cortexa9_0 
21:22:26.260 INFO  - ps7_cortexa9_0 Processor is in use. Please stop existing Run or Debug sessions before launching. 
21:22:29.403 INFO  - Processor reset is completed for ps7_cortexa9_0 
21:25:58.013 INFO  - ps7_cortexa9_0 Processor is in use. Please stop existing Run or Debug sessions before launching. 
21:26:01.404 INFO  - Processor reset is completed for ps7_cortexa9_0 
21:26:55.010 INFO  - ps7_cortexa9_0 Processor is in use. Please stop existing Run or Debug sessions before launching. 
21:26:58.404 INFO  - Processor reset is completed for ps7_cortexa9_0 
21:27:48.008 INFO  - ps7_cortexa9_0 Processor is in use. Please stop existing Run or Debug sessions before launching. 
21:27:51.409 INFO  - Processor reset is completed for ps7_cortexa9_0 
15:55:06.932 INFO  - FPGA configured successfully with bitstream "/home/vens/classes/Fall2014/cpre488/labs/final/Final/sw/system_hw_platform/system.bit" 
15:55:35.805 INFO  - Processor reset is completed for ps7_cortexa9_0 
15:55:35.905 INFO  - PS initialization will be done as it is not done before. 
15:55:35.911 INFO  - Running PS initialization.... 
15:55:37.072 INFO  - ps7_init is completed. 
15:55:37.172 INFO  - ps7_post_config is completed. 
15:55:37.187 INFO  - PS Initialization is complete. 
16:02:32.014 INFO  - ps7_cortexa9_0 Processor is in use. Please stop existing Run or Debug sessions before launching. 
16:02:39.414 INFO  - Processor reset is completed for ps7_cortexa9_0 
16:03:50.017 INFO  - ps7_cortexa9_0 Processor is in use. Please stop existing Run or Debug sessions before launching. 
16:03:53.336 INFO  - Processor reset is completed for ps7_cortexa9_0 
16:05:19.455 INFO  - ps7_cortexa9_0 Processor is in use. Please stop existing Run or Debug sessions before launching. 
16:05:22.352 INFO  - Processor reset is completed for ps7_cortexa9_0 
16:21:00.023 INFO  - FPGA Cable Disconnected. All active launches will be terminated. 
16:25:16.750 INFO  - FPGA configured successfully with bitstream "/home/vens/classes/Fall2014/cpre488/labs/final/Final/sw/system_hw_platform/system.bit" 
16:25:41.959 INFO  - Processor reset is completed for ps7_cortexa9_0 
16:25:42.059 INFO  - PS initialization will be done as it is not done before. 
16:25:42.068 INFO  - Running PS initialization.... 
16:25:43.188 INFO  - ps7_init is completed. 
16:25:43.289 INFO  - ps7_post_config is completed. 
16:25:43.389 INFO  - PS Initialization is complete. 
16:39:17.013 INFO  - FPGA Cable Disconnected. All active launches will be terminated. 
16:42:49.119 ERROR - Unexpected error while parsing XMD response ￿: com.google.gson.JsonSyntaxException: com.google.gson.stream.MalformedJsonException: invalid number or unquoted string near  
09:48:11.059 INFO  - FPGA configured successfully with bitstream "/home/vens/classes/Fall2014/cpre488/labs/final/Final/sw/system_hw_platform/system.bit" 
09:49:08.003 INFO  - Processor reset is completed for ps7_cortexa9_0 
09:49:08.018 INFO  - PS initialization will be done as it is not done before. 
09:49:08.108 INFO  - Running PS initialization.... 
09:49:09.252 INFO  - ps7_init is completed. 
09:49:09.352 INFO  - ps7_post_config is completed. 
09:49:09.453 INFO  - PS Initialization is complete. 
11:57:10.887 INFO  - FPGA Cable Disconnected. All active launches will be terminated. 
