#-----------------------------------------------------------
# PlanAhead v14.6 (64-bit)
# Build 269223 by xbuild on Wed Jun  5 11:07:37 MDT 2013
# Start of session at: Wed Nov 19 15:34:54 2014
# Process ID: 32444
# Log file: /home/vens/classes/Fall2014/cpre488/labs/final/Final/planAhead.log
# Journal file: /home/vens/classes/Fall2014/cpre488/labs/final/Final/planAhead.jou
#-----------------------------------------------------------
INFO: [Common 17-78] Attempting to get a license: PlanAhead
INFO: [Common 17-290] Got license for PlanAhead
INFO: [Common 17-86] Your PlanAhead license expires in -171 day(s)
couldn't load file "librdi_coretasks.so": /usr/lib64/libstdc++.so.6: version `GLIBCXX_3.4.15' not found (required by /remote/Xilinx/14.6/PlanAhead/lib/lnx64.o/librdi_synth.so)
Could not load library 'librdi_coretasks' needed by 'core', please check installation.
    while executing
"error "$result\nCould not load library '$library' needed by '$feature', please check installation.""
    (procedure "rdi::load_library" line 4)
    invoked from within
"rdi::load_library core librdi_coretasks"
    (file "/remote/Xilinx/14.6/PlanAhead/lib/scripts/rdi/features/core/core.tcl" line 5)
ERROR: [Common 17-217] Failed to load feature 'core'.

    while executing
"source -notrace /remote/Xilinx/14.6/PlanAhead/lib/scripts/rdi/features/core/core.tcl"
    invoked from within
"load_features base core planahead ipservices"
    (file "/remote/Xilinx/14.6/PlanAhead/lib/scripts/rdi/products/PlanAhead.tcl" line 5)
INFO: [Common 17-206] Exiting PlanAhead at Wed Nov 19 15:34:56 2014...
INFO: [Common 17-83] Releasing license: PlanAhead
