Release 14.6 Xflow P.68d (lin64)
Copyright (c) 1995-2013 Xilinx, Inc.  All rights reserved.
xflow -wd implementation -p xc7z020clg484-1 -implement xflow.opt system.ngc  
PMSPEC -- Overriding Xilinx file </remote/Xilinx/14.6/EDK/zynq/data/zynq.acd>
with local file </remote/Xilinx/14.6/ISE/zynq/data/zynq.acd>

Using Flow File:
/home/vens/classes/Fall2014/cpre488/labs/final/Final/system/implementation/fpga.
flw 
Using Option File(s): 
 /home/vens/classes/Fall2014/cpre488/labs/final/Final/system/implementation/xflo
w.opt 

Creating Script File ... 

#----------------------------------------------#
# Starting program ngdbuild
# ngdbuild -p xc7z020clg484-1 -nt timestamp -bm system.bmm
"/home/vens/classes/Fall2014/cpre488/labs/final/Final/system/implementation/syst
em.ngc" -uc system.ucf system.ngd 
#----------------------------------------------#
Release 14.6 - ngdbuild P.68d (lin64)
Copyright (c) 1995-2013 Xilinx, Inc.  All rights reserved.
PMSPEC -- Overriding Xilinx file </remote/Xilinx/14.6/EDK/zynq/data/zynq.acd>
with local file </remote/Xilinx/14.6/ISE/zynq/data/zynq.acd>

Command Line: /remote/Xilinx/14.6/ISE/bin/lin64/unwrapped/ngdbuild -p
xc7z020clg484-1 -nt timestamp -bm system.bmm
/home/vens/classes/Fall2014/cpre488/labs/final/Final/system/implementation/syste
m.ngc -uc system.ucf system.ngd

Reading NGO file
"/home/vens/classes/Fall2014/cpre488/labs/final/Final/system/implementation/syst
em.ngc" ...
Loading design module
"/home/vens/classes/Fall2014/cpre488/labs/final/Final/system/implementation/syst
em_fmc_imageon_hdmi_in_0_wrapper.ngc"...
Loading design module
"/home/vens/classes/Fall2014/cpre488/labs/final/Final/system/implementation/syst
em_processing_system7_0_wrapper.ngc"...
Loading design module
"/home/vens/classes/Fall2014/cpre488/labs/final/Final/system/implementation/syst
em_v_vid_in_axi4s_0_wrapper.ngc"...
Loading design module
"/home/vens/classes/Fall2014/cpre488/labs/final/Final/system/implementation/syst
em_v_tc_vid_in_0_wrapper.ngc"...
Loading design module
"/home/vens/classes/Fall2014/cpre488/labs/final/Final/system/implementation/syst
em_fmc_imageon_hdmi_out_0_wrapper.ngc"...
Loading design module
"/home/vens/classes/Fall2014/cpre488/labs/final/Final/system/implementation/syst
em_v_axi4s_vid_out_0_wrapper.ngc"...
Loading design module
"/home/vens/classes/Fall2014/cpre488/labs/final/Final/system/implementation/syst
em_v_tc_vid_out_0_wrapper.ngc"...
Loading design module
"/home/vens/classes/Fall2014/cpre488/labs/final/Final/system/implementation/syst
em_axi4lite_0_wrapper.ngc"...
Loading design module
"/home/vens/classes/Fall2014/cpre488/labs/final/Final/system/implementation/syst
em_axi_interconnect_1_wrapper.ngc"...
Loading design module
"/home/vens/classes/Fall2014/cpre488/labs/final/Final/system/implementation/syst
em_axi_vdma_0_wrapper.ngc"...
Loading design module
"/home/vens/classes/Fall2014/cpre488/labs/final/Final/system/implementation/syst
em_sws_8bits_wrapper.ngc"...
Loading design module
"/home/vens/classes/Fall2014/cpre488/labs/final/Final/system/implementation/syst
em_leds_8bits_wrapper.ngc"...
Loading design module
"/home/vens/classes/Fall2014/cpre488/labs/final/Final/system/implementation/syst
em_btns_5bits_wrapper.ngc"...
Loading design module
"/home/vens/classes/Fall2014/cpre488/labs/final/Final/system/implementation/syst
em_fmc_imageon_iic_0_wrapper.ngc"...
Loading design module
"/home/vens/classes/Fall2014/cpre488/labs/final/Final/system/implementation/syst
em_led_pwm_0_wrapper.ngc"...
Applying constraints in
"/home/vens/classes/Fall2014/cpre488/labs/final/Final/system/implementation/syst
em_processing_system7_0_wrapper.ncf" to module "processing_system7_0"...
Checking Constraint Associations...
Applying constraints in
"/home/vens/classes/Fall2014/cpre488/labs/final/Final/system/implementation/syst
em_v_tc_vid_in_0_wrapper.ncf" to module "v_tc_vid_in_0"...
Checking Constraint Associations...
Applying constraints in
"/home/vens/classes/Fall2014/cpre488/labs/final/Final/system/implementation/syst
em_v_tc_vid_out_0_wrapper.ncf" to module "v_tc_vid_out_0"...
Checking Constraint Associations...
Applying constraints in
"/home/vens/classes/Fall2014/cpre488/labs/final/Final/system/implementation/syst
em_axi4lite_0_wrapper.ncf" to module "axi4lite_0"...
Checking Constraint Associations...
Applying constraints in
"/home/vens/classes/Fall2014/cpre488/labs/final/Final/system/implementation/syst
em_axi_interconnect_1_wrapper.ncf" to module "axi_interconnect_1"...
Checking Constraint Associations...
Applying constraints in
"/home/vens/classes/Fall2014/cpre488/labs/final/Final/system/implementation/syst
em_axi_vdma_0_wrapper.ncf" to module "axi_vdma_0"...
Checking Constraint Associations...
Gathering constraint information from source properties...
Done.
INFO:NgdBuild:649 - Removing redundant 'IBUF' symbol
   'processing_system7_0_PS_PORB_IBUF'.  All constraints associated with this
   symbol will be ignored.
INFO:NgdBuild:649 - Removing redundant 'IBUF' symbol
   'processing_system7_0_PS_CLK_IBUF'.  All constraints associated with this
   symbol will be ignored.
INFO:NgdBuild:649 - Removing redundant 'IBUF' symbol
   'processing_system7_0_PS_SRSTB_IBUF'.  All constraints associated with this
   symbol will be ignored.

Annotating constraints to design from ucf file "system.ucf" ...
INFO:coreutil - Full license for component <v_tc> allows you to use this
   component. This license does not give you access to source code implementing
   this component.

   The license for this core was generated for skovarik@iastate.edu on
   10/14/2013It is the responsibility of the Licensee of this core to adhere to
   all terms and conditions of the applicable license agreement when using this
   core.


INFO:coreutil - Full license for component <v_tc> allows you to use this
   component. This license does not give you access to source code implementing
   this component.

   The license for this core was generated for skovarik@iastate.edu on
   10/14/2013It is the responsibility of the Licensee of this core to adhere to
   all terms and conditions of the applicable license agreement when using this
   core.


INFO:coreutil - Full license for component <v_tc> allows you to use this
   component. This license does not give you access to source code implementing
   this component.

   The license for this core was generated for skovarik@iastate.edu on
   10/14/2013It is the responsibility of the Licensee of this core to adhere to
   all terms and conditions of the applicable license agreement when using this
   core.


INFO:coreutil - Full license for component <v_tc> allows you to use this
   component. This license does not give you access to source code implementing
   this component.

   The license for this core was generated for skovarik@iastate.edu on
   10/14/2013It is the responsibility of the Licensee of this core to adhere to
   all terms and conditions of the applicable license agreement when using this
   core.


INFO:coreutil - Full license for component <v_tc> allows you to use this
   component. This license does not give you access to source code implementing
   this component.

   The license for this core was generated for skovarik@iastate.edu on
   10/14/2013It is the responsibility of the Licensee of this core to adhere to
   all terms and conditions of the applicable license agreement when using this
   core.


INFO:coreutil - Full license for component <v_tc> allows you to use this
   component. This license does not give you access to source code implementing
   this component.

   The license for this core was generated for skovarik@iastate.edu on
   10/14/2013It is the responsibility of the Licensee of this core to adhere to
   all terms and conditions of the applicable license agreement when using this
   core.


INFO:coreutil - Full license for component <v_tc> allows you to use this
   component. This license does not give you access to source code implementing
   this component.

   The license for this core was generated for skovarik@iastate.edu on
   10/14/2013It is the responsibility of the Licensee of this core to adhere to
   all terms and conditions of the applicable license agreement when using this
   core.


INFO:coreutil - Full license for component <v_tc> allows you to use this
   component. This license does not give you access to source code implementing
   this component.

   The license for this core was generated for skovarik@iastate.edu on
   10/14/2013It is the responsibility of the Licensee of this core to adhere to
   all terms and conditions of the applicable license agreement when using this
   core.


Resolving constraint associations...
Checking Constraint Associations...
WARNING:ConstraintSystem:135 - Constraint <INST
   /system/EXPANDED/system/axi_vdma_0/axi_vdma_0\/GEN_SPRT_FOR_S2MM.I_S2MM_DMA_M
   NGR\/I_SM\/GEN_FSIZE_MISMATCH.GEN_S2MM_MISMATCH_FLUSH_SOF.GEN_FOR_ASYNC.FSIZE
   _MISMATCH_CDC_I_FLUSH_SOF\/Mmux_GENERA...>: No instances of type FFS were
   found under block
   "axi_vdma_0/axi_vdma_0/GEN_SPRT_FOR_S2MM.I_S2MM_DMA_MNGR/I_SM/GEN_FSIZE_MISMA
   TCH.GEN_S2MM_MISMATCH_FLUSH_SOF.GEN_FOR_ASYNC.FSIZE_MISMATCH_CDC_I_FLUSH_SOF/
   Mmux_GENERATE_PULSE_S_P_CDC_OPEN_ENDED.s_in_d1_cdc_from_GND_153_o_MUX_663_o11
   " (type=LUT2).

WARNING:ConstraintSystem:135 - Constraint <INST
   /system/EXPANDED/system/axi_vdma_0/axi_vdma_0\/GEN_SPRT_FOR_S2MM.I_S2MM_DMA_M
   NGR\/I_SM\/GEN_FSIZE_MISMATCH.GEN_S2MM_MISMATCH_FLUSH_SOF.GEN_FOR_ASYNC.FSIZE
   _MISMATCH_CDC_I_FLUSH_SOF\/Mmux_GENERA...>: No instances of type FFS were
   found under block
   "axi_vdma_0/axi_vdma_0/GEN_SPRT_FOR_S2MM.I_S2MM_DMA_MNGR/I_SM/GEN_FSIZE_MISMA
   TCH.GEN_S2MM_MISMATCH_FLUSH_SOF.GEN_FOR_ASYNC.FSIZE_MISMATCH_CDC_I_FLUSH_SOF/
   Mmux_GENERATE_PULSE_S_P_CDC_OPEN_ENDED.p_out_d1_cdc_to_GND_153_o_MUX_664_o11"
   (type=LUT2).

WARNING:ConstraintSystem:135 - Constraint <INST
   /system/EXPANDED/system/axi_vdma_0/axi_vdma_0\/GEN_SPRT_FOR_S2MM.S2MM_LINEBUF
   FER_I\/GEN_S2MM_FLUSH_SOF_LOGIC.GEN_FOR_ASYNC_FLUSH_SOF.MMAP_NOT_FINISHED_CDC
   _I_FLUSH_SOF\/Mmux_GENERATE_LEVEL_P_S_...>: No instances of type FFS were
   found under block
   "axi_vdma_0/axi_vdma_0/GEN_SPRT_FOR_S2MM.S2MM_LINEBUFFER_I/GEN_S2MM_FLUSH_SOF
   _LOGIC.GEN_FOR_ASYNC_FLUSH_SOF.MMAP_NOT_FINISHED_CDC_I_FLUSH_SOF/Mmux_GENERAT
   E_LEVEL_P_S_CDC.s_level_out_d1_cdc_to_GND_635_o_MUX_718_o11" (type=LUT2).

WARNING:ConstraintSystem:135 - Constraint <INST
   /system/EXPANDED/system/axi_vdma_0/axi_vdma_0\/GEN_SPRT_FOR_S2MM.S2MM_LINEBUF
   FER_I\/GEN_S2MM_FLUSH_SOF_LOGIC.GEN_FOR_ASYNC_FLUSH_SOF.MMAP_NOT_FINISHED_CDC
   _I_FLUSH_SOF\/Mmux_GENERATE_LEVEL_P_S_...>: No instances of type FFS were
   found under block
   "axi_vdma_0/axi_vdma_0/GEN_SPRT_FOR_S2MM.S2MM_LINEBUFFER_I/GEN_S2MM_FLUSH_SOF
   _LOGIC.GEN_FOR_ASYNC_FLUSH_SOF.MMAP_NOT_FINISHED_CDC_I_FLUSH_SOF/Mmux_GENERAT
   E_LEVEL_P_S_CDC.p_level_in_d1_cdc_from_GND_635_o_MUX_717_o11" (type=LUT2).

WARNING:ConstraintSystem:135 - Constraint <INST
   /system/EXPANDED/system/axi_vdma_0/axi_vdma_0\/GEN_SPRT_FOR_S2MM.S2MM_LINEBUF
   FER_I\/GEN_S2MM_FLUSH_SOF_LOGIC.GEN_FOR_ASYNC_FLUSH_SOF.RUNSTOP_AXIS_0_CDC_I_
   FLUSH_SOF\/Mmux_GENERATE_LEVEL_P_S_CDC...>: No instances of type FFS were
   found under block
   "axi_vdma_0/axi_vdma_0/GEN_SPRT_FOR_S2MM.S2MM_LINEBUFFER_I/GEN_S2MM_FLUSH_SOF
   _LOGIC.GEN_FOR_ASYNC_FLUSH_SOF.RUNSTOP_AXIS_0_CDC_I_FLUSH_SOF/Mmux_GENERATE_L
   EVEL_P_S_CDC.s_level_out_d1_cdc_to_GND_635_o_MUX_718_o11" (type=LUT2).

WARNING:ConstraintSystem:135 - Constraint <INST
   /system/EXPANDED/system/axi_vdma_0/axi_vdma_0\/GEN_SPRT_FOR_S2MM.S2MM_LINEBUF
   FER_I\/GEN_S2MM_FLUSH_SOF_LOGIC.GEN_FOR_ASYNC_FLUSH_SOF.RUNSTOP_AXIS_0_CDC_I_
   FLUSH_SOF\/Mmux_GENERATE_LEVEL_P_S_CDC...>: No instances of type FFS were
   found under block
   "axi_vdma_0/axi_vdma_0/GEN_SPRT_FOR_S2MM.S2MM_LINEBUFFER_I/GEN_S2MM_FLUSH_SOF
   _LOGIC.GEN_FOR_ASYNC_FLUSH_SOF.RUNSTOP_AXIS_0_CDC_I_FLUSH_SOF/Mmux_GENERATE_L
   EVEL_P_S_CDC.p_level_in_d1_cdc_from_GND_635_o_MUX_717_o11" (type=LUT2).

WARNING:ConstraintSystem:135 - Constraint <INST
   /system/EXPANDED/system/axi_vdma_0/axi_vdma_0\/GEN_SPRT_FOR_S2MM.S2MM_LINEBUF
   FER_I\/GEN_S2MM_FLUSH_SOF_LOGIC.GEN_FOR_ASYNC_FLUSH_SOF.STRM_WR_HALT_CDC_I\/M
   mux_GENERATE_LEVEL_P_S_CDC.s_level_out...>: No instances of type FFS were
   found under block
   "axi_vdma_0/axi_vdma_0/GEN_SPRT_FOR_S2MM.S2MM_LINEBUFFER_I/GEN_S2MM_FLUSH_SOF
   _LOGIC.GEN_FOR_ASYNC_FLUSH_SOF.STRM_WR_HALT_CDC_I/Mmux_GENERATE_LEVEL_P_S_CDC
   .s_level_out_d1_cdc_to_GND_635_o_MUX_718_o11" (type=LUT2).

WARNING:ConstraintSystem:135 - Constraint <INST
   /system/EXPANDED/system/axi_vdma_0/axi_vdma_0\/GEN_SPRT_FOR_S2MM.S2MM_LINEBUF
   FER_I\/GEN_S2MM_FLUSH_SOF_LOGIC.GEN_FOR_ASYNC_FLUSH_SOF.STRM_WR_HALT_CDC_I\/M
   mux_GENERATE_LEVEL_P_S_CDC.p_level_in_...>: No instances of type FFS were
   found under block
   "axi_vdma_0/axi_vdma_0/GEN_SPRT_FOR_S2MM.S2MM_LINEBUFFER_I/GEN_S2MM_FLUSH_SOF
   _LOGIC.GEN_FOR_ASYNC_FLUSH_SOF.STRM_WR_HALT_CDC_I/Mmux_GENERATE_LEVEL_P_S_CDC
   .p_level_in_d1_cdc_from_GND_635_o_MUX_717_o11" (type=LUT2).

WARNING:ConstraintSystem:135 - Constraint <INST
   /system/EXPANDED/system/axi_vdma_0/axi_vdma_0\/GEN_SPRT_FOR_S2MM.S2MM_LINEBUF
   FER_I\/GEN_S2MM_FLUSH_SOF_LOGIC.GEN_FOR_ASYNC_FLUSH_SOF.GEN_FOR_ASYNC_CROSS_F
   SYNC.CROSS_FSYNC_CDC_I_FLUSH_SOF\/Mmux...>: No instances of type FFS were
   found under block
   "axi_vdma_0/axi_vdma_0/GEN_SPRT_FOR_S2MM.S2MM_LINEBUFFER_I/GEN_S2MM_FLUSH_SOF
   _LOGIC.GEN_FOR_ASYNC_FLUSH_SOF.GEN_FOR_ASYNC_CROSS_FSYNC.CROSS_FSYNC_CDC_I_FL
   USH_SOF/Mmux_GENERATE_PULSE_P_S_CDC_OPEN_ENDED.s_out_d1_cdc_to_GND_70_o_MUX_5
   1_o11" (type=LUT2).

WARNING:ConstraintSystem:135 - Constraint <INST
   /system/EXPANDED/system/axi_vdma_0/axi_vdma_0\/GEN_SPRT_FOR_S2MM.S2MM_LINEBUF
   FER_I\/GEN_S2MM_FLUSH_SOF_LOGIC.GEN_FOR_ASYNC_FLUSH_SOF.GEN_FOR_ASYNC_CROSS_F
   SYNC.CROSS_FSYNC_CDC_I_FLUSH_SOF\/Mmux...>: No instances of type FFS were
   found under block
   "axi_vdma_0/axi_vdma_0/GEN_SPRT_FOR_S2MM.S2MM_LINEBUFFER_I/GEN_S2MM_FLUSH_SOF
   _LOGIC.GEN_FOR_ASYNC_FLUSH_SOF.GEN_FOR_ASYNC_CROSS_FSYNC.CROSS_FSYNC_CDC_I_FL
   USH_SOF/Mmux_GENERATE_PULSE_P_S_CDC_OPEN_ENDED.p_in_d1_cdc_from_GND_70_o_MUX_
   50_o11" (type=LUT2).

WARNING:ConstraintSystem:135 - Constraint <INST
   /system/EXPANDED/system/axi_vdma_0/axi_vdma_0\/GEN_SPRT_FOR_S2MM.S2MM_LINEBUF
   FER_I\/GEN_S2MM_FLUSH_SOF_LOGIC.GEN_FOR_ASYNC_FLUSH_SOF.TUSER_CDC_I_FLUSH_SOF
   \/Mmux_GENERATE_PULSE_S_P_CDC_OPEN_END...>: No instances of type FFS were
   found under block
   "axi_vdma_0/axi_vdma_0/GEN_SPRT_FOR_S2MM.S2MM_LINEBUFFER_I/GEN_S2MM_FLUSH_SOF
   _LOGIC.GEN_FOR_ASYNC_FLUSH_SOF.TUSER_CDC_I_FLUSH_SOF/Mmux_GENERATE_PULSE_S_P_
   CDC_OPEN_ENDED.p_out_d1_cdc_to_GND_153_o_MUX_664_o11" (type=LUT2).

WARNING:ConstraintSystem:135 - Constraint <INST
   /system/EXPANDED/system/axi_vdma_0/axi_vdma_0\/GEN_SPRT_FOR_S2MM.S2MM_LINEBUF
   FER_I\/GEN_S2MM_FLUSH_SOF_LOGIC.GEN_FOR_ASYNC_FLUSH_SOF.FSYNC_OUT_CDC_I_FLUSH
   _SOF\/Mmux_GENERATE_PULSE_S_P_CDC_OPEN...>: No instances of type FFS were
   found under block
   "axi_vdma_0/axi_vdma_0/GEN_SPRT_FOR_S2MM.S2MM_LINEBUFFER_I/GEN_S2MM_FLUSH_SOF
   _LOGIC.GEN_FOR_ASYNC_FLUSH_SOF.FSYNC_OUT_CDC_I_FLUSH_SOF/Mmux_GENERATE_PULSE_
   S_P_CDC_OPEN_ENDED.s_in_d1_cdc_from_GND_153_o_MUX_663_o11" (type=LUT2).

WARNING:ConstraintSystem:135 - Constraint <INST
   /system/EXPANDED/system/axi_vdma_0/axi_vdma_0\/GEN_SPRT_FOR_S2MM.S2MM_LINEBUF
   FER_I\/GEN_S2MM_FLUSH_SOF_LOGIC.GEN_FOR_ASYNC_FLUSH_SOF.FSYNC_OUT_CDC_I_FLUSH
   _SOF\/Mmux_GENERATE_PULSE_S_P_CDC_OPEN...>: No instances of type FFS were
   found under block
   "axi_vdma_0/axi_vdma_0/GEN_SPRT_FOR_S2MM.S2MM_LINEBUFFER_I/GEN_S2MM_FLUSH_SOF
   _LOGIC.GEN_FOR_ASYNC_FLUSH_SOF.FSYNC_OUT_CDC_I_FLUSH_SOF/Mmux_GENERATE_PULSE_
   S_P_CDC_OPEN_ENDED.p_out_d1_cdc_to_GND_153_o_MUX_664_o11" (type=LUT2).

WARNING:ConstraintSystem:135 - Constraint <INST
   /system/EXPANDED/system/axi_vdma_0/axi_vdma_0\/GEN_SPRT_FOR_MM2S.MM2S_LINEBUF
   FER_I\/GEN_LINEBUF_NO_SOF.GEN_FOR_ASYNC.ALL_LINES_XFRED_P_S_CDC_I\/Mmux_GENER
   ATE_LEVEL_P_S_CDC.s_level_out_d1_cdc_t...>: No instances of type FFS were
   found under block
   "axi_vdma_0/axi_vdma_0/GEN_SPRT_FOR_MM2S.MM2S_LINEBUFFER_I/GEN_LINEBUF_NO_SOF
   .GEN_FOR_ASYNC.ALL_LINES_XFRED_P_S_CDC_I/Mmux_GENERATE_LEVEL_P_S_CDC.s_level_
   out_d1_cdc_to_GND_635_o_MUX_718_o11" (type=LUT2).

WARNING:ConstraintSystem:135 - Constraint <INST
   /system/EXPANDED/system/axi_vdma_0/axi_vdma_0\/GEN_SPRT_FOR_MM2S.MM2S_LINEBUF
   FER_I\/GEN_LINEBUF_NO_SOF.GEN_FOR_ASYNC.ALL_LINES_XFRED_P_S_CDC_I\/Mmux_GENER
   ATE_LEVEL_P_S_CDC.p_level_in_d1_cdc_fr...>: No instances of type FFS were
   found under block
   "axi_vdma_0/axi_vdma_0/GEN_SPRT_FOR_MM2S.MM2S_LINEBUFFER_I/GEN_LINEBUF_NO_SOF
   .GEN_FOR_ASYNC.ALL_LINES_XFRED_P_S_CDC_I/Mmux_GENERATE_LEVEL_P_S_CDC.p_level_
   in_d1_cdc_from_GND_635_o_MUX_717_o11" (type=LUT2).

WARNING:ConstraintSystem:135 - Constraint <INST
   /system/EXPANDED/system/axi_vdma_0/axi_vdma_0\/GEN_SPRT_FOR_MM2S.MM2S_LINEBUF
   FER_I\/GEN_LINEBUF_NO_SOF.GEN_FOR_ASYNC.SHUTDOWN_RST_CDC_I\/Mmux_GENERATE_LEV
   EL_P_S_CDC.s_level_out_d1_cdc_to_GND_6...>: No instances of type FFS were
   found under block
   "axi_vdma_0/axi_vdma_0/GEN_SPRT_FOR_MM2S.MM2S_LINEBUFFER_I/GEN_LINEBUF_NO_SOF
   .GEN_FOR_ASYNC.SHUTDOWN_RST_CDC_I/Mmux_GENERATE_LEVEL_P_S_CDC.s_level_out_d1_
   cdc_to_GND_635_o_MUX_718_o11" (type=LUT2).

WARNING:ConstraintSystem:135 - Constraint <INST
   /system/EXPANDED/system/axi_vdma_0/axi_vdma_0\/GEN_SPRT_FOR_MM2S.MM2S_LINEBUF
   FER_I\/GEN_LINEBUF_NO_SOF.GEN_FOR_ASYNC.SHUTDOWN_RST_CDC_I\/Mmux_GENERATE_LEV
   EL_P_S_CDC.p_level_in_d1_cdc_from_GND_...>: No instances of type FFS were
   found under block
   "axi_vdma_0/axi_vdma_0/GEN_SPRT_FOR_MM2S.MM2S_LINEBUFFER_I/GEN_LINEBUF_NO_SOF
   .GEN_FOR_ASYNC.SHUTDOWN_RST_CDC_I/Mmux_GENERATE_LEVEL_P_S_CDC.p_level_in_d1_c
   dc_from_GND_635_o_MUX_717_o11" (type=LUT2).

WARNING:ConstraintSystem:135 - Constraint <INST
   /system/EXPANDED/system/axi_vdma_0/axi_vdma_0\/GEN_SPRT_FOR_MM2S.MM2S_LINEBUF
   FER_I\/GEN_LINEBUF_NO_SOF.GEN_FOR_ASYNC.HALT_CDC_I\/Mmux_GENERATE_LEVEL_S_P_C
   DC.s_level_in_d1_cdc_from_GND_646_o_MU...>: No instances of type FFS were
   found under block
   "axi_vdma_0/axi_vdma_0/GEN_SPRT_FOR_MM2S.MM2S_LINEBUFFER_I/GEN_LINEBUF_NO_SOF
   .GEN_FOR_ASYNC.HALT_CDC_I/Mmux_GENERATE_LEVEL_S_P_CDC.s_level_in_d1_cdc_from_
   GND_646_o_MUX_720_o11" (type=LUT2).

WARNING:ConstraintSystem:135 - Constraint <INST
   /system/EXPANDED/system/axi_vdma_0/axi_vdma_0\/GEN_SPRT_FOR_MM2S.MM2S_LINEBUF
   FER_I\/GEN_LINEBUF_NO_SOF.GEN_FOR_ASYNC.HALT_CDC_I\/Mmux_GENERATE_LEVEL_S_P_C
   DC.p_level_out_d1_cdc_to_GND_646_o_MUX...>: No instances of type FFS were
   found under block
   "axi_vdma_0/axi_vdma_0/GEN_SPRT_FOR_MM2S.MM2S_LINEBUFFER_I/GEN_LINEBUF_NO_SOF
   .GEN_FOR_ASYNC.HALT_CDC_I/Mmux_GENERATE_LEVEL_S_P_CDC.p_level_out_d1_cdc_to_G
   ND_646_o_MUX_721_o11" (type=LUT2).

WARNING:ConstraintSystem:135 - Constraint <INST
   /system/EXPANDED/system/axi_vdma_0/axi_vdma_0\/GEN_SPRT_FOR_MM2S.MM2S_LINEBUF
   FER_I\/GEN_LINEBUF_NO_SOF.GEN_FOR_ASYNC.STOP_CDC_I\/Mmux_GENERATE_LEVEL_S_P_C
   DC.s_level_in_d1_cdc_from_GND_646_o_MU...>: No instances of type FFS were
   found under block
   "axi_vdma_0/axi_vdma_0/GEN_SPRT_FOR_MM2S.MM2S_LINEBUFFER_I/GEN_LINEBUF_NO_SOF
   .GEN_FOR_ASYNC.STOP_CDC_I/Mmux_GENERATE_LEVEL_S_P_CDC.s_level_in_d1_cdc_from_
   GND_646_o_MUX_720_o11" (type=LUT2).

WARNING:ConstraintSystem:135 - Constraint <INST
   /system/EXPANDED/system/axi_vdma_0/axi_vdma_0\/GEN_SPRT_FOR_MM2S.MM2S_LINEBUF
   FER_I\/GEN_LINEBUF_NO_SOF.GEN_FOR_ASYNC.ALL_LINES_XFRED_S_P_CDC_I\/Mmux_GENER
   ATE_LEVEL_S_P_CDC.p_level_out_d1_cdc_t...>: No instances of type FFS were
   found under block
   "axi_vdma_0/axi_vdma_0/GEN_SPRT_FOR_MM2S.MM2S_LINEBUFFER_I/GEN_LINEBUF_NO_SOF
   .GEN_FOR_ASYNC.ALL_LINES_XFRED_S_P_CDC_I/Mmux_GENERATE_LEVEL_S_P_CDC.p_level_
   out_d1_cdc_to_GND_646_o_MUX_721_o11" (type=LUT2).

WARNING:ConstraintSystem:135 - Constraint <INST
   /system/EXPANDED/system/axi_vdma_0/axi_vdma_0\/GEN_SPRT_FOR_MM2S.MM2S_LINEBUF
   FER_I\/GEN_LINEBUF_NO_SOF.GEN_FOR_ASYNC.STOP_CDC_I\/Mmux_GENERATE_LEVEL_S_P_C
   DC.p_level_out_d1_cdc_to_GND_646_o_MUX...>: No instances of type FFS were
   found under block
   "axi_vdma_0/axi_vdma_0/GEN_SPRT_FOR_MM2S.MM2S_LINEBUFFER_I/GEN_LINEBUF_NO_SOF
   .GEN_FOR_ASYNC.STOP_CDC_I/Mmux_GENERATE_LEVEL_S_P_CDC.p_level_out_d1_cdc_to_G
   ND_646_o_MUX_721_o11" (type=LUT2).

WARNING:ConstraintSystem:135 - Constraint <INST
   /system/EXPANDED/system/axi_vdma_0/axi_vdma_0\/GEN_SPRT_FOR_MM2S.MM2S_LINEBUF
   FER_I\/GEN_LINEBUF_NO_SOF.GEN_FOR_ASYNC.ALL_LINES_XFRED_S_P_CDC_I\/Mmux_GENER
   ATE_LEVEL_S_P_CDC.s_level_in_d1_cdc_fr...>: No instances of type FFS were
   found under block
   "axi_vdma_0/axi_vdma_0/GEN_SPRT_FOR_MM2S.MM2S_LINEBUFFER_I/GEN_LINEBUF_NO_SOF
   .GEN_FOR_ASYNC.ALL_LINES_XFRED_S_P_CDC_I/Mmux_GENERATE_LEVEL_S_P_CDC.s_level_
   in_d1_cdc_from_GND_646_o_MUX_720_o11" (type=LUT2).

WARNING:ConstraintSystem:135 - Constraint <INST
   /system/EXPANDED/system/axi_vdma_0/axi_vdma_0\/GEN_SPRT_FOR_S2MM.S2MM_VID_CDC
   _I\/GEN_CDC_FOR_ASYNC.SOF_CDC_I\/Mmux_GENERATE_PULSE_S_P_CDC_OPEN_ENDED.p_out
   _d1_cdc_to_GND_153_o_MUX_664_o11 TNM =...>: No instances of type FFS were
   found under block
   "axi_vdma_0/axi_vdma_0/GEN_SPRT_FOR_S2MM.S2MM_VID_CDC_I/GEN_CDC_FOR_ASYNC.SOF
   _CDC_I/Mmux_GENERATE_PULSE_S_P_CDC_OPEN_ENDED.p_out_d1_cdc_to_GND_153_o_MUX_6
   64_o11" (type=LUT2).

WARNING:ConstraintSystem:135 - Constraint <INST
   /system/EXPANDED/system/axi_vdma_0/axi_vdma_0\/GEN_SPRT_FOR_S2MM.S2MM_VID_CDC
   _I\/GEN_CDC_FOR_ASYNC.SOF_CDC_I\/Mmux_GENERATE_PULSE_S_P_CDC_OPEN_ENDED.s_in_
   d1_cdc_from_GND_153_o_MUX_663_o11 TNM ...>: No instances of type FFS were
   found under block
   "axi_vdma_0/axi_vdma_0/GEN_SPRT_FOR_S2MM.S2MM_VID_CDC_I/GEN_CDC_FOR_ASYNC.SOF
   _CDC_I/Mmux_GENERATE_PULSE_S_P_CDC_OPEN_ENDED.s_in_d1_cdc_from_GND_153_o_MUX_
   663_o11" (type=LUT2).

WARNING:ConstraintSystem:135 - Constraint <INST
   /system/EXPANDED/system/axi_vdma_0/axi_vdma_0\/GEN_SPRT_FOR_S2MM.S2MM_VID_CDC
   _I\/GEN_CDC_FOR_ASYNC.FSYNC_IN_CDC_I\/Mmux_GENERATE_PULSE_S_P_CDC_OPEN_ENDED.
   p_out_d1_cdc_to_GND_153_o_MUX_664_o11 ...>: No instances of type FFS were
   found under block
   "axi_vdma_0/axi_vdma_0/GEN_SPRT_FOR_S2MM.S2MM_VID_CDC_I/GEN_CDC_FOR_ASYNC.FSY
   NC_IN_CDC_I/Mmux_GENERATE_PULSE_S_P_CDC_OPEN_ENDED.p_out_d1_cdc_to_GND_153_o_
   MUX_664_o11" (type=LUT2).

WARNING:ConstraintSystem:135 - Constraint <INST
   /system/EXPANDED/system/axi_vdma_0/axi_vdma_0\/GEN_SPRT_FOR_S2MM.S2MM_VID_CDC
   _I\/GEN_CDC_FOR_ASYNC.FSYNC_IN_CDC_I\/Mmux_GENERATE_PULSE_S_P_CDC_OPEN_ENDED.
   s_in_d1_cdc_from_GND_153_o_MUX_663_o11...>: No instances of type FFS were
   found under block
   "axi_vdma_0/axi_vdma_0/GEN_SPRT_FOR_S2MM.S2MM_VID_CDC_I/GEN_CDC_FOR_ASYNC.FSY
   NC_IN_CDC_I/Mmux_GENERATE_PULSE_S_P_CDC_OPEN_ENDED.s_in_d1_cdc_from_GND_153_o
   _MUX_663_o11" (type=LUT2).

WARNING:ConstraintSystem:135 - Constraint <INST
   /system/EXPANDED/system/axi_vdma_0/axi_vdma_0\/GEN_SPRT_FOR_S2MM.S2MM_VID_CDC
   _I\/GEN_CDC_FOR_ASYNC.OTHR_FSYNC_CDC_I\/Mmux_GENERATE_PULSE_S_P_CDC_OPEN_ENDE
   D.p_out_d1_cdc_to_GND_153_o_MUX_664_o1...>: No instances of type FFS were
   found under block
   "axi_vdma_0/axi_vdma_0/GEN_SPRT_FOR_S2MM.S2MM_VID_CDC_I/GEN_CDC_FOR_ASYNC.OTH
   R_FSYNC_CDC_I/Mmux_GENERATE_PULSE_S_P_CDC_OPEN_ENDED.p_out_d1_cdc_to_GND_153_
   o_MUX_664_o11" (type=LUT2).

WARNING:ConstraintSystem:135 - Constraint <INST
   /system/EXPANDED/system/axi_vdma_0/axi_vdma_0\/GEN_SPRT_FOR_S2MM.S2MM_VID_CDC
   _I\/GEN_CDC_FOR_ASYNC.OTHR_FSYNC_CDC_I\/Mmux_GENERATE_PULSE_S_P_CDC_OPEN_ENDE
   D.s_in_d1_cdc_from_GND_153_o_MUX_663_o...>: No instances of type FFS were
   found under block
   "axi_vdma_0/axi_vdma_0/GEN_SPRT_FOR_S2MM.S2MM_VID_CDC_I/GEN_CDC_FOR_ASYNC.OTH
   R_FSYNC_CDC_I/Mmux_GENERATE_PULSE_S_P_CDC_OPEN_ENDED.s_in_d1_cdc_from_GND_153
   _o_MUX_663_o11" (type=LUT2).

WARNING:ConstraintSystem:135 - Constraint <INST
   /system/EXPANDED/system/axi_vdma_0/axi_vdma_0\/GEN_SPRT_FOR_MM2S.MM2S_VID_CDC
   _I\/GEN_CDC_FOR_ASYNC.SOF_CDC_I\/Mmux_GENERATE_PULSE_S_P_CDC_OPEN_ENDED.p_out
   _d1_cdc_to_GND_153_o_MUX_664_o11 TNM =...>: No instances of type FFS were
   found under block
   "axi_vdma_0/axi_vdma_0/GEN_SPRT_FOR_MM2S.MM2S_VID_CDC_I/GEN_CDC_FOR_ASYNC.SOF
   _CDC_I/Mmux_GENERATE_PULSE_S_P_CDC_OPEN_ENDED.p_out_d1_cdc_to_GND_153_o_MUX_6
   64_o11" (type=LUT2).

WARNING:ConstraintSystem:135 - Constraint <INST
   /system/EXPANDED/system/axi_vdma_0/axi_vdma_0\/GEN_SPRT_FOR_MM2S.MM2S_VID_CDC
   _I\/GEN_CDC_FOR_ASYNC.SOF_CDC_I\/Mmux_GENERATE_PULSE_S_P_CDC_OPEN_ENDED.s_in_
   d1_cdc_from_GND_153_o_MUX_663_o11 TNM ...>: No instances of type FFS were
   found under block
   "axi_vdma_0/axi_vdma_0/GEN_SPRT_FOR_MM2S.MM2S_VID_CDC_I/GEN_CDC_FOR_ASYNC.SOF
   _CDC_I/Mmux_GENERATE_PULSE_S_P_CDC_OPEN_ENDED.s_in_d1_cdc_from_GND_153_o_MUX_
   663_o11" (type=LUT2).

WARNING:ConstraintSystem:135 - Constraint <INST
   /system/EXPANDED/system/axi_vdma_0/axi_vdma_0\/GEN_SPRT_FOR_MM2S.MM2S_VID_CDC
   _I\/GEN_CDC_FOR_ASYNC.FSYNC_IN_CDC_I\/Mmux_GENERATE_PULSE_S_P_CDC_OPEN_ENDED.
   p_out_d1_cdc_to_GND_153_o_MUX_664_o11 ...>: No instances of type FFS were
   found under block
   "axi_vdma_0/axi_vdma_0/GEN_SPRT_FOR_MM2S.MM2S_VID_CDC_I/GEN_CDC_FOR_ASYNC.FSY
   NC_IN_CDC_I/Mmux_GENERATE_PULSE_S_P_CDC_OPEN_ENDED.p_out_d1_cdc_to_GND_153_o_
   MUX_664_o11" (type=LUT2).

WARNING:ConstraintSystem:135 - Constraint <INST
   /system/EXPANDED/system/axi_vdma_0/axi_vdma_0\/GEN_SPRT_FOR_MM2S.MM2S_VID_CDC
   _I\/GEN_CDC_FOR_ASYNC.FSYNC_IN_CDC_I\/Mmux_GENERATE_PULSE_S_P_CDC_OPEN_ENDED.
   s_in_d1_cdc_from_GND_153_o_MUX_663_o11...>: No instances of type FFS were
   found under block
   "axi_vdma_0/axi_vdma_0/GEN_SPRT_FOR_MM2S.MM2S_VID_CDC_I/GEN_CDC_FOR_ASYNC.FSY
   NC_IN_CDC_I/Mmux_GENERATE_PULSE_S_P_CDC_OPEN_ENDED.s_in_d1_cdc_from_GND_153_o
   _MUX_663_o11" (type=LUT2).

WARNING:ConstraintSystem:135 - Constraint <INST
   /system/EXPANDED/system/axi_vdma_0/axi_vdma_0\/GEN_SPRT_FOR_MM2S.MM2S_VID_CDC
   _I\/GEN_CDC_FOR_ASYNC.OTHR_FSYNC_CDC_I\/Mmux_GENERATE_PULSE_S_P_CDC_OPEN_ENDE
   D.p_out_d1_cdc_to_GND_153_o_MUX_664_o1...>: No instances of type FFS were
   found under block
   "axi_vdma_0/axi_vdma_0/GEN_SPRT_FOR_MM2S.MM2S_VID_CDC_I/GEN_CDC_FOR_ASYNC.OTH
   R_FSYNC_CDC_I/Mmux_GENERATE_PULSE_S_P_CDC_OPEN_ENDED.p_out_d1_cdc_to_GND_153_
   o_MUX_664_o11" (type=LUT2).

WARNING:ConstraintSystem:135 - Constraint <INST
   /system/EXPANDED/system/axi_vdma_0/axi_vdma_0\/GEN_SPRT_FOR_MM2S.MM2S_VID_CDC
   _I\/GEN_CDC_FOR_ASYNC.OTHR_FSYNC_CDC_I\/Mmux_GENERATE_PULSE_S_P_CDC_OPEN_ENDE
   D.s_in_d1_cdc_from_GND_153_o_MUX_663_o...>: No instances of type FFS were
   found under block
   "axi_vdma_0/axi_vdma_0/GEN_SPRT_FOR_MM2S.MM2S_VID_CDC_I/GEN_CDC_FOR_ASYNC.OTH
   R_FSYNC_CDC_I/Mmux_GENERATE_PULSE_S_P_CDC_OPEN_ENDED.s_in_d1_cdc_from_GND_153
   _o_MUX_663_o11" (type=LUT2).

WARNING:ConstraintSystem:135 - Constraint <INST
   /system/EXPANDED/system/axi_vdma_0/axi_vdma_0\/GEN_SPRT_FOR_S2MM.S2MM_VID_CDC
   _I\/GEN_CDC_FOR_ASYNC.M_PTR_OUT_CDC_I\/Mmux_GENERATE_PULSE_P_S_CDC_OPEN_ENDED
   .p_in_d1_cdc_from_GND_137_o_MUX_658_o1...>: No instances of type FFS were
   found under block
   "axi_vdma_0/axi_vdma_0/GEN_SPRT_FOR_S2MM.S2MM_VID_CDC_I/GEN_CDC_FOR_ASYNC.M_P
   TR_OUT_CDC_I/Mmux_GENERATE_PULSE_P_S_CDC_OPEN_ENDED.p_in_d1_cdc_from_GND_137_
   o_MUX_658_o11" (type=LUT2).

WARNING:ConstraintSystem:135 - Constraint <INST
   /system/EXPANDED/system/axi_vdma_0/axi_vdma_0\/GEN_SPRT_FOR_S2MM.S2MM_VID_CDC
   _I\/GEN_CDC_FOR_ASYNC.M_PTR_OUT_CDC_I\/Mmux_GENERATE_PULSE_P_S_CDC_OPEN_ENDED
   .s_out_d1_cdc_to_GND_137_o_MUX_659_o11...>: No instances of type FFS were
   found under block
   "axi_vdma_0/axi_vdma_0/GEN_SPRT_FOR_S2MM.S2MM_VID_CDC_I/GEN_CDC_FOR_ASYNC.M_P
   TR_OUT_CDC_I/Mmux_GENERATE_PULSE_P_S_CDC_OPEN_ENDED.s_out_d1_cdc_to_GND_137_o
   _MUX_659_o11" (type=LUT2).

WARNING:ConstraintSystem:135 - Constraint <INST
   /system/EXPANDED/system/axi_vdma_0/axi_vdma_0\/GEN_SPRT_FOR_MM2S.MM2S_VID_CDC
   _I\/GEN_CDC_FOR_ASYNC.M_PTR_OUT_CDC_I\/Mmux_GENERATE_PULSE_P_S_CDC_OPEN_ENDED
   .s_out_d1_cdc_to_GND_137_o_MUX_659_o11...>: No instances of type FFS were
   found under block
   "axi_vdma_0/axi_vdma_0/GEN_SPRT_FOR_MM2S.MM2S_VID_CDC_I/GEN_CDC_FOR_ASYNC.M_P
   TR_OUT_CDC_I/Mmux_GENERATE_PULSE_P_S_CDC_OPEN_ENDED.s_out_d1_cdc_to_GND_137_o
   _MUX_659_o11" (type=LUT2).

WARNING:ConstraintSystem:135 - Constraint <INST
   /system/EXPANDED/system/axi_vdma_0/axi_vdma_0\/GEN_SPRT_FOR_MM2S.MM2S_VID_CDC
   _I\/GEN_CDC_FOR_ASYNC.PRMTR_UPDT_CDC_I\/Mmux_GENERATE_PULSE_P_S_CDC_OPEN_ENDE
   D.s_out_d1_cdc_to_GND_70_o_MUX_51_o11 ...>: No instances of type FFS were
   found under block
   "axi_vdma_0/axi_vdma_0/GEN_SPRT_FOR_MM2S.MM2S_VID_CDC_I/GEN_CDC_FOR_ASYNC.PRM
   TR_UPDT_CDC_I/Mmux_GENERATE_PULSE_P_S_CDC_OPEN_ENDED.s_out_d1_cdc_to_GND_70_o
   _MUX_51_o11" (type=LUT2).

WARNING:ConstraintSystem:135 - Constraint <INST
   /system/EXPANDED/system/axi_vdma_0/axi_vdma_0\/GEN_SPRT_FOR_MM2S.MM2S_VID_CDC
   _I\/GEN_CDC_FOR_ASYNC.PRMTR_UPDT_CDC_I\/Mmux_GENERATE_PULSE_P_S_CDC_OPEN_ENDE
   D.p_in_d1_cdc_from_GND_70_o_MUX_50_o11...>: No instances of type FFS were
   found under block
   "axi_vdma_0/axi_vdma_0/GEN_SPRT_FOR_MM2S.MM2S_VID_CDC_I/GEN_CDC_FOR_ASYNC.PRM
   TR_UPDT_CDC_I/Mmux_GENERATE_PULSE_P_S_CDC_OPEN_ENDED.p_in_d1_cdc_from_GND_70_
   o_MUX_50_o11" (type=LUT2).

WARNING:ConstraintSystem:135 - Constraint <INST
   /system/EXPANDED/system/axi_vdma_0/axi_vdma_0\/GEN_SPRT_FOR_MM2S.MM2S_VID_CDC
   _I\/GEN_CDC_FOR_ASYNC.FSYNC_OUT_CDC_I\/Mmux_GENERATE_PULSE_P_S_CDC_OPEN_ENDED
   .s_out_d1_cdc_to_GND_70_o_MUX_51_o11 T...>: No instances of type FFS were
   found under block
   "axi_vdma_0/axi_vdma_0/GEN_SPRT_FOR_MM2S.MM2S_VID_CDC_I/GEN_CDC_FOR_ASYNC.FSY
   NC_OUT_CDC_I/Mmux_GENERATE_PULSE_P_S_CDC_OPEN_ENDED.s_out_d1_cdc_to_GND_70_o_
   MUX_51_o11" (type=LUT2).

WARNING:ConstraintSystem:135 - Constraint <INST
   /system/EXPANDED/system/axi_vdma_0/axi_vdma_0\/GEN_SPRT_FOR_MM2S.MM2S_VID_CDC
   _I\/GEN_CDC_FOR_ASYNC.FSYNC_OUT_CDC_I\/Mmux_GENERATE_PULSE_P_S_CDC_OPEN_ENDED
   .p_in_d1_cdc_from_GND_70_o_MUX_50_o11 ...>: No instances of type FFS were
   found under block
   "axi_vdma_0/axi_vdma_0/GEN_SPRT_FOR_MM2S.MM2S_VID_CDC_I/GEN_CDC_FOR_ASYNC.FSY
   NC_OUT_CDC_I/Mmux_GENERATE_PULSE_P_S_CDC_OPEN_ENDED.p_in_d1_cdc_from_GND_70_o
   _MUX_50_o11" (type=LUT2).

WARNING:ConstraintSystem:135 - Constraint <INST
   /system/EXPANDED/system/axi_vdma_0/axi_vdma_0\/GEN_SPRT_FOR_S2MM.S2MM_VID_CDC
   _I\/GEN_CDC_FOR_ASYNC.PRMTR_UPDT_CDC_I\/Mmux_GENERATE_PULSE_P_S_CDC_OPEN_ENDE
   D.s_out_d1_cdc_to_GND_70_o_MUX_51_o11 ...>: No instances of type FFS were
   found under block
   "axi_vdma_0/axi_vdma_0/GEN_SPRT_FOR_S2MM.S2MM_VID_CDC_I/GEN_CDC_FOR_ASYNC.PRM
   TR_UPDT_CDC_I/Mmux_GENERATE_PULSE_P_S_CDC_OPEN_ENDED.s_out_d1_cdc_to_GND_70_o
   _MUX_51_o11" (type=LUT2).

WARNING:ConstraintSystem:135 - Constraint <INST
   /system/EXPANDED/system/axi_vdma_0/axi_vdma_0\/GEN_SPRT_FOR_S2MM.S2MM_VID_CDC
   _I\/GEN_CDC_FOR_ASYNC.PRMTR_UPDT_CDC_I\/Mmux_GENERATE_PULSE_P_S_CDC_OPEN_ENDE
   D.p_in_d1_cdc_from_GND_70_o_MUX_50_o11...>: No instances of type FFS were
   found under block
   "axi_vdma_0/axi_vdma_0/GEN_SPRT_FOR_S2MM.S2MM_VID_CDC_I/GEN_CDC_FOR_ASYNC.PRM
   TR_UPDT_CDC_I/Mmux_GENERATE_PULSE_P_S_CDC_OPEN_ENDED.p_in_d1_cdc_from_GND_70_
   o_MUX_50_o11" (type=LUT2).

WARNING:ConstraintSystem:135 - Constraint <INST
   /system/EXPANDED/system/axi_vdma_0/axi_vdma_0\/GEN_SPRT_FOR_S2MM.S2MM_VID_CDC
   _I\/GEN_CDC_FOR_ASYNC.FSYNC_OUT_CDC_I\/Mmux_GENERATE_PULSE_P_S_CDC_OPEN_ENDED
   .s_out_d1_cdc_to_GND_70_o_MUX_51_o11 T...>: No instances of type FFS were
   found under block
   "axi_vdma_0/axi_vdma_0/GEN_SPRT_FOR_S2MM.S2MM_VID_CDC_I/GEN_CDC_FOR_ASYNC.FSY
   NC_OUT_CDC_I/Mmux_GENERATE_PULSE_P_S_CDC_OPEN_ENDED.s_out_d1_cdc_to_GND_70_o_
   MUX_51_o11" (type=LUT2).

WARNING:ConstraintSystem:135 - Constraint <INST
   /system/EXPANDED/system/axi_vdma_0/axi_vdma_0\/GEN_SPRT_FOR_S2MM.S2MM_VID_CDC
   _I\/GEN_CDC_FOR_ASYNC.FSYNC_OUT_CDC_I\/Mmux_GENERATE_PULSE_P_S_CDC_OPEN_ENDED
   .p_in_d1_cdc_from_GND_70_o_MUX_50_o11 ...>: No instances of type FFS were
   found under block
   "axi_vdma_0/axi_vdma_0/GEN_SPRT_FOR_S2MM.S2MM_VID_CDC_I/GEN_CDC_FOR_ASYNC.FSY
   NC_OUT_CDC_I/Mmux_GENERATE_PULSE_P_S_CDC_OPEN_ENDED.p_in_d1_cdc_from_GND_70_o
   _MUX_50_o11" (type=LUT2).

WARNING:ConstraintSystem:135 - Constraint <INST
   /system/EXPANDED/system/axi_vdma_0/axi_vdma_0\/GEN_SPRT_FOR_S2MM.GEN_FLUSH_SO
   F_TREADY.GEN_FOR_ASYNC_FLUSH_SOF.S2MM_PRM_UPDT_CDC_I\/Mmux_GENERATE_PULSE_P_S
   _CDC_OPEN_ENDED.p_in_d1_cdc_from_GND_7...>: No instances of type FFS were
   found under block
   "axi_vdma_0/axi_vdma_0/GEN_SPRT_FOR_S2MM.GEN_FLUSH_SOF_TREADY.GEN_FOR_ASYNC_F
   LUSH_SOF.S2MM_PRM_UPDT_CDC_I/Mmux_GENERATE_PULSE_P_S_CDC_OPEN_ENDED.p_in_d1_c
   dc_from_GND_70_o_MUX_50_o11" (type=LUT2).

WARNING:ConstraintSystem:135 - Constraint <INST
   /system/EXPANDED/system/axi_vdma_0/axi_vdma_0\/GEN_SPRT_FOR_S2MM.GEN_FLUSH_SO
   F_TREADY.GEN_FOR_ASYNC_FLUSH_SOF.S2MM_PRM_UPDT_CDC_I\/Mmux_GENERATE_PULSE_P_S
   _CDC_OPEN_ENDED.s_out_d1_cdc_to_GND_70...>: No instances of type FFS were
   found under block
   "axi_vdma_0/axi_vdma_0/GEN_SPRT_FOR_S2MM.GEN_FLUSH_SOF_TREADY.GEN_FOR_ASYNC_F
   LUSH_SOF.S2MM_PRM_UPDT_CDC_I/Mmux_GENERATE_PULSE_P_S_CDC_OPEN_ENDED.s_out_d1_
   cdc_to_GND_70_o_MUX_51_o11" (type=LUT2).

WARNING:ConstraintSystem:135 - Constraint <INST
   /system/EXPANDED/system/axi_vdma_0/axi_vdma_0\/AXI_LITE_REG_INTERFACE_I\/GEN_
   AXI_LITE_IF.AXI_LITE_IF_I\/GEN_LITE_IS_ASYNC.GEN_ASYNC_LITE_ACCESS.LITE_WVALI
   D_MM2S_CDC_I\/Mmux_GENERATE_PULSE_P_S_...>: No instances of type FFS were
   found under block
   "axi_vdma_0/axi_vdma_0/AXI_LITE_REG_INTERFACE_I/GEN_AXI_LITE_IF.AXI_LITE_IF_I
   /GEN_LITE_IS_ASYNC.GEN_ASYNC_LITE_ACCESS.LITE_WVALID_MM2S_CDC_I/Mmux_GENERATE
   _PULSE_P_S_CDC_OPEN_ENDED.p_in_d1_cdc_from_GND_70_o_MUX_50_o11" (type=LUT2).

WARNING:ConstraintSystem:135 - Constraint <INST
   /system/EXPANDED/system/axi_vdma_0/axi_vdma_0\/AXI_LITE_REG_INTERFACE_I\/GEN_
   AXI_LITE_IF.AXI_LITE_IF_I\/GEN_LITE_IS_ASYNC.GEN_ASYNC_LITE_ACCESS.LITE_WVALI
   D_MM2S_CDC_I\/Mmux_GENERATE_PULSE_P_S_...>: No instances of type FFS were
   found under block
   "axi_vdma_0/axi_vdma_0/AXI_LITE_REG_INTERFACE_I/GEN_AXI_LITE_IF.AXI_LITE_IF_I
   /GEN_LITE_IS_ASYNC.GEN_ASYNC_LITE_ACCESS.LITE_WVALID_MM2S_CDC_I/Mmux_GENERATE
   _PULSE_P_S_CDC_OPEN_ENDED.s_out_d1_cdc_to_GND_70_o_MUX_51_o11" (type=LUT2).

WARNING:ConstraintSystem:135 - Constraint <INST
   /system/EXPANDED/system/axi_vdma_0/axi_vdma_0\/AXI_LITE_REG_INTERFACE_I\/GEN_
   AXI_LITE_IF.AXI_LITE_IF_I\/GEN_LITE_IS_ASYNC.GEN_ASYNC_LITE_ACCESS.LITE_WVALI
   D_S2MM_CDC_I\/Mmux_GENERATE_PULSE_P_S_...>: No instances of type FFS were
   found under block
   "axi_vdma_0/axi_vdma_0/AXI_LITE_REG_INTERFACE_I/GEN_AXI_LITE_IF.AXI_LITE_IF_I
   /GEN_LITE_IS_ASYNC.GEN_ASYNC_LITE_ACCESS.LITE_WVALID_S2MM_CDC_I/Mmux_GENERATE
   _PULSE_P_S_CDC_OPEN_ENDED.p_in_d1_cdc_from_GND_70_o_MUX_50_o11" (type=LUT2).

WARNING:ConstraintSystem:135 - Constraint <INST
   /system/EXPANDED/system/axi_vdma_0/axi_vdma_0\/AXI_LITE_REG_INTERFACE_I\/GEN_
   AXI_LITE_IF.AXI_LITE_IF_I\/GEN_LITE_IS_ASYNC.GEN_ASYNC_LITE_ACCESS.LITE_WVALI
   D_S2MM_CDC_I\/Mmux_GENERATE_PULSE_P_S_...>: No instances of type FFS were
   found under block
   "axi_vdma_0/axi_vdma_0/AXI_LITE_REG_INTERFACE_I/GEN_AXI_LITE_IF.AXI_LITE_IF_I
   /GEN_LITE_IS_ASYNC.GEN_ASYNC_LITE_ACCESS.LITE_WVALID_S2MM_CDC_I/Mmux_GENERATE
   _PULSE_P_S_CDC_OPEN_ENDED.s_out_d1_cdc_to_GND_70_o_MUX_51_o11" (type=LUT2).

WARNING:ConstraintSystem:135 - Constraint <INST
   /system/EXPANDED/system/axi_vdma_0/axi_vdma_0\/AXI_LITE_REG_INTERFACE_I\/GEN_
   AXI_LITE_IF.AXI_LITE_IF_I\/GND_69_o_axi2ip_wraddr_captured_mm2s_cdc_tig[7]_eq
   ual_34_o<7>11 TNM = FFS:TNM_axi_vdma_0...>: No instances of type FFS were
   found under block
   "axi_vdma_0/axi_vdma_0/AXI_LITE_REG_INTERFACE_I/GEN_AXI_LITE_IF.AXI_LITE_IF_I
   /GND_69_o_axi2ip_wraddr_captured_mm2s_cdc_tig[7]_equal_34_o<7>11"
   (type=LUT3).

WARNING:ConstraintSystem:135 - Constraint <INST
   /system/EXPANDED/system/axi_vdma_0/axi_vdma_0\/AXI_LITE_REG_INTERFACE_I\/GEN_
   AXI_LITE_IF.AXI_LITE_IF_I\/GND_69_o_axi2ip_wraddr_captured_mm2s_cdc_tig[7]_eq
   ual_26_o<7>11 TNM = FFS:TNM_axi_vdma_0...>: No instances of type FFS were
   found under block
   "axi_vdma_0/axi_vdma_0/AXI_LITE_REG_INTERFACE_I/GEN_AXI_LITE_IF.AXI_LITE_IF_I
   /GND_69_o_axi2ip_wraddr_captured_mm2s_cdc_tig[7]_equal_26_o<7>11"
   (type=LUT3).

WARNING:ConstraintSystem:135 - Constraint <INST
   /system/EXPANDED/system/axi_vdma_0/axi_vdma_0\/AXI_LITE_REG_INTERFACE_I\/GEN_
   AXI_LITE_IF.AXI_LITE_IF_I\/GND_69_o_axi2ip_wraddr_captured_mm2s_cdc_tig[7]_eq
   ual_10_o<7>11 TNM = FFS:TNM_axi_vdma_0...>: No instances of type FFS were
   found under block
   "axi_vdma_0/axi_vdma_0/AXI_LITE_REG_INTERFACE_I/GEN_AXI_LITE_IF.AXI_LITE_IF_I
   /GND_69_o_axi2ip_wraddr_captured_mm2s_cdc_tig[7]_equal_10_o<7>11"
   (type=LUT3).

WARNING:ConstraintSystem:135 - Constraint <INST
   /system/EXPANDED/system/axi_vdma_0/axi_vdma_0\/AXI_LITE_REG_INTERFACE_I\/GEN_
   AXI_LITE_IF.AXI_LITE_IF_I\/PWR_39_o_axi2ip_wraddr_captured_s2mm_cdc_tig[7]_eq
   ual_113_o<7>11 TNM = FFS:TNM_axi_vdma_...>: No instances of type FFS were
   found under block
   "axi_vdma_0/axi_vdma_0/AXI_LITE_REG_INTERFACE_I/GEN_AXI_LITE_IF.AXI_LITE_IF_I
   /PWR_39_o_axi2ip_wraddr_captured_s2mm_cdc_tig[7]_equal_113_o<7>11"
   (type=LUT3).

WARNING:ConstraintSystem:135 - Constraint <INST
   /system/EXPANDED/system/axi_vdma_0/axi_vdma_0\/AXI_LITE_REG_INTERFACE_I\/GEN_
   AXI_LITE_IF.AXI_LITE_IF_I\/GND_69_o_axi2ip_wraddr_captured_s2mm_cdc_tig[7]_eq
   ual_89_o<7>11 TNM = FFS:TNM_axi_vdma_0...>: No instances of type FFS were
   found under block
   "axi_vdma_0/axi_vdma_0/AXI_LITE_REG_INTERFACE_I/GEN_AXI_LITE_IF.AXI_LITE_IF_I
   /GND_69_o_axi2ip_wraddr_captured_s2mm_cdc_tig[7]_equal_89_o<7>11"
   (type=LUT3).

WARNING:ConstraintSystem:135 - Constraint <INST
   /system/EXPANDED/system/axi_vdma_0/axi_vdma_0\/AXI_LITE_REG_INTERFACE_I\/GEN_
   AXI_LITE_IF.AXI_LITE_IF_I\/GND_69_o_axi2ip_wraddr_captured_s2mm_cdc_tig[7]_eq
   ual_81_o<7>11 TNM = FFS:TNM_axi_vdma_0...>: No instances of type FFS were
   found under block
   "axi_vdma_0/axi_vdma_0/AXI_LITE_REG_INTERFACE_I/GEN_AXI_LITE_IF.AXI_LITE_IF_I
   /GND_69_o_axi2ip_wraddr_captured_s2mm_cdc_tig[7]_equal_81_o<7>11"
   (type=LUT3).

WARNING:ConstraintSystem:135 - Constraint <INST
   /system/EXPANDED/system/axi_vdma_0/axi_vdma_0\/GEN_SPRT_FOR_S2MM.GEN_FLUSH_SO
   F_TREADY.GEN_FOR_ASYNC_FLUSH_SOF.S2MM_HALTED_CDC_I\/Mmux_GENERATE_LEVEL_P_S_C
   DC.s_level_out_d1_cdc_to_GND_635_o_MUX...>: No instances of type FFS were
   found under block
   "axi_vdma_0/axi_vdma_0/GEN_SPRT_FOR_S2MM.GEN_FLUSH_SOF_TREADY.GEN_FOR_ASYNC_F
   LUSH_SOF.S2MM_HALTED_CDC_I/Mmux_GENERATE_LEVEL_P_S_CDC.s_level_out_d1_cdc_to_
   GND_635_o_MUX_718_o11" (type=LUT2).

WARNING:ConstraintSystem:135 - Constraint <INST
   /system/EXPANDED/system/axi_vdma_0/axi_vdma_0\/GEN_SPRT_FOR_S2MM.GEN_FLUSH_SO
   F_TREADY.GEN_FOR_ASYNC_FLUSH_SOF.SOF_LATE_CDC_I\/Mmux_GENERATE_LEVEL_S_P_CDC.
   p_level_out_d1_cdc_to_GND_646_o_MUX_72...>: No instances of type FFS were
   found under block
   "axi_vdma_0/axi_vdma_0/GEN_SPRT_FOR_S2MM.GEN_FLUSH_SOF_TREADY.GEN_FOR_ASYNC_F
   LUSH_SOF.SOF_LATE_CDC_I/Mmux_GENERATE_LEVEL_S_P_CDC.p_level_out_d1_cdc_to_GND
   _646_o_MUX_721_o11" (type=LUT2).

WARNING:ConstraintSystem:135 - Constraint <INST
   /system/EXPANDED/system/axi_vdma_0/axi_vdma_0\/GEN_SPRT_FOR_S2MM.GEN_FLUSH_SO
   F_TREADY.GEN_FOR_ASYNC_FLUSH_SOF.S2MM_HALTED_CDC_I\/Mmux_GENERATE_LEVEL_P_S_C
   DC.p_level_in_d1_cdc_from_GND_635_o_MU...>: No instances of type FFS were
   found under block
   "axi_vdma_0/axi_vdma_0/GEN_SPRT_FOR_S2MM.GEN_FLUSH_SOF_TREADY.GEN_FOR_ASYNC_F
   LUSH_SOF.S2MM_HALTED_CDC_I/Mmux_GENERATE_LEVEL_P_S_CDC.p_level_in_d1_cdc_from
   _GND_635_o_MUX_717_o11" (type=LUT2).

WARNING:ConstraintSystem:135 - Constraint <INST
   /system/EXPANDED/system/axi_vdma_0/axi_vdma_0\/GEN_SPRT_FOR_S2MM.GEN_FLUSH_SO
   F_TREADY.GEN_FOR_ASYNC_FLUSH_SOF.SOF_LATE_CDC_I\/Mmux_GENERATE_LEVEL_S_P_CDC.
   s_level_in_d1_cdc_from_GND_646_o_MUX_7...>: No instances of type FFS were
   found under block
   "axi_vdma_0/axi_vdma_0/GEN_SPRT_FOR_S2MM.GEN_FLUSH_SOF_TREADY.GEN_FOR_ASYNC_F
   LUSH_SOF.SOF_LATE_CDC_I/Mmux_GENERATE_LEVEL_S_P_CDC.s_level_in_d1_cdc_from_GN
   D_646_o_MUX_720_o11" (type=LUT2).

WARNING:ConstraintSystem:135 - Constraint <INST
   /system/EXPANDED/system/axi_interconnect_1/axi_interconnect_1\/si_converter_b
   ank\/gen_conv_slot[0].clock_conv_inst\/interconnect_aresetn_resync<2>_inv1_IN
   V_0 TNM = FFS:axi_interconnect_1_reset...>: No instances of type FFS were
   found under block
   "axi_interconnect_1/axi_interconnect_1/si_converter_bank/gen_conv_slot[0].clo
   ck_conv_inst/interconnect_aresetn_resync<2>_inv1_INV_0" (type=INV).

WARNING:ConstraintSystem:135 - Constraint <INST
   /system/EXPANDED/system/axi4lite_0/axi4lite_0\/si_converter_bank\/gen_conv_sl
   ot[0].clock_conv_inst\/interconnect_aresetn_resync<2>_inv1_INV_0 TNM =
   FFS:axi4lite_0_reset_resync>: No instances of type FFS were found under block
   "axi4lite_0/axi4lite_0/si_converter_bank/gen_conv_slot[0].clock_conv_inst/int
   erconnect_aresetn_resync<2>_inv1_INV_0" (type=INV).

WARNING:ConstraintSystem - A target design object for the Locate constraint
   '<NET "processing_system7_0_PS_PORB_IBUF" LOC = B5>' could not be found and
   so the Locate constraint will be removed.

WARNING:ConstraintSystem - A target design object for the Locate constraint
   '<NET "processing_system7_0_PS_CLK_IBUF" LOC = F7>' could not be found and so
   the Locate constraint will be removed.

WARNING:ConstraintSystem - A target design object for the Locate constraint
   '<NET "processing_system7_0_PS_SRSTB_IBUF" LOC = C9>' could not be found and
   so the Locate constraint will be removed.

WARNING:ConstraintSystem:58 - Constraint <TIMEGRP axi4lite_0_reset_source = FFS
   PADS CPUS;>: CPUS "*" does not match any design objects.

WARNING:ConstraintSystem:58 - Constraint <TIMEGRP
   axi_interconnect_1_reset_source = FFS PADS CPUS;>: CPUS "*" does not match
   any design objects.

WARNING:ConstraintSystem:194 - The TNM 'TNM_axi_vdma_0_cdc_from', does not
   directly or indirectly drive any flip-flops, latches and/or RAMs and is not
   actively used by any referencing constraint.

WARNING:ConstraintSystem:194 - The TNM 'TNM_axi_vdma_0_cdc_to', does not
   directly or indirectly drive any flip-flops, latches and/or RAMs and is not
   actively used by any referencing constraint.

WARNING:ConstraintSystem:194 - The TNM 'TNM_axi_vdma_0_cdc_to', does not
   directly or indirectly drive any flip-flops, latches and/or RAMs and is not
   actively used by any referencing constraint.

WARNING:ConstraintSystem:194 - The TNM 'TNM_axi_vdma_0_cdc_from', does not
   directly or indirectly drive any flip-flops, latches and/or RAMs and is not
   actively used by any referencing constraint.

WARNING:ConstraintSystem:194 - The TNM 'TNM_axi_vdma_0_cdc_to', does not
   directly or indirectly drive any flip-flops, latches and/or RAMs and is not
   actively used by any referencing constraint.

WARNING:ConstraintSystem:194 - The TNM 'TNM_axi_vdma_0_cdc_from', does not
   directly or indirectly drive any flip-flops, latches and/or RAMs and is not
   actively used by any referencing constraint.

WARNING:ConstraintSystem:194 - The TNM 'TNM_axi_vdma_0_cdc_to', does not
   directly or indirectly drive any flip-flops, latches and/or RAMs and is not
   actively used by any referencing constraint.

WARNING:ConstraintSystem:194 - The TNM 'TNM_axi_vdma_0_cdc_from', does not
   directly or indirectly drive any flip-flops, latches and/or RAMs and is not
   actively used by any referencing constraint.

WARNING:ConstraintSystem:194 - The TNM 'TNM_axi_vdma_0_cdc_to', does not
   directly or indirectly drive any flip-flops, latches and/or RAMs and is not
   actively used by any referencing constraint.

WARNING:ConstraintSystem:194 - The TNM 'TNM_axi_vdma_0_cdc_from', does not
   directly or indirectly drive any flip-flops, latches and/or RAMs and is not
   actively used by any referencing constraint.

WARNING:ConstraintSystem:194 - The TNM 'TNM_axi_vdma_0_cdc_to', does not
   directly or indirectly drive any flip-flops, latches and/or RAMs and is not
   actively used by any referencing constraint.

WARNING:ConstraintSystem:194 - The TNM 'TNM_axi_vdma_0_cdc_from', does not
   directly or indirectly drive any flip-flops, latches and/or RAMs and is not
   actively used by any referencing constraint.

WARNING:ConstraintSystem:194 - The TNM 'TNM_axi_vdma_0_cdc_to', does not
   directly or indirectly drive any flip-flops, latches and/or RAMs and is not
   actively used by any referencing constraint.

WARNING:ConstraintSystem:194 - The TNM 'TNM_axi_vdma_0_cdc_to', does not
   directly or indirectly drive any flip-flops, latches and/or RAMs and is not
   actively used by any referencing constraint.

WARNING:ConstraintSystem:194 - The TNM 'TNM_axi_vdma_0_cdc_from', does not
   directly or indirectly drive any flip-flops, latches and/or RAMs and is not
   actively used by any referencing constraint.

WARNING:ConstraintSystem:194 - The TNM 'TNM_axi_vdma_0_cdc_to', does not
   directly or indirectly drive any flip-flops, latches and/or RAMs and is not
   actively used by any referencing constraint.

WARNING:ConstraintSystem:194 - The TNM 'TNM_axi_vdma_0_cdc_from', does not
   directly or indirectly drive any flip-flops, latches and/or RAMs and is not
   actively used by any referencing constraint.

WARNING:ConstraintSystem:194 - The TNM 'TNM_axi_vdma_0_cdc_from', does not
   directly or indirectly drive any flip-flops, latches and/or RAMs and is not
   actively used by any referencing constraint.

WARNING:ConstraintSystem:194 - The TNM 'TNM_axi_vdma_0_cdc_to', does not
   directly or indirectly drive any flip-flops, latches and/or RAMs and is not
   actively used by any referencing constraint.

WARNING:ConstraintSystem:194 - The TNM 'TNM_axi_vdma_0_cdc_from', does not
   directly or indirectly drive any flip-flops, latches and/or RAMs and is not
   actively used by any referencing constraint.

WARNING:ConstraintSystem:194 - The TNM 'TNM_axi_vdma_0_cdc_to', does not
   directly or indirectly drive any flip-flops, latches and/or RAMs and is not
   actively used by any referencing constraint.

WARNING:ConstraintSystem:194 - The TNM 'TNM_axi_vdma_0_cdc_to', does not
   directly or indirectly drive any flip-flops, latches and/or RAMs and is not
   actively used by any referencing constraint.

WARNING:ConstraintSystem:194 - The TNM 'TNM_axi_vdma_0_cdc_from', does not
   directly or indirectly drive any flip-flops, latches and/or RAMs and is not
   actively used by any referencing constraint.

WARNING:ConstraintSystem:194 - The TNM 'TNM_axi_vdma_0_cdc_to', does not
   directly or indirectly drive any flip-flops, latches and/or RAMs and is not
   actively used by any referencing constraint.

WARNING:ConstraintSystem:194 - The TNM 'TNM_axi_vdma_0_cdc_from', does not
   directly or indirectly drive any flip-flops, latches and/or RAMs and is not
   actively used by any referencing constraint.

WARNING:ConstraintSystem:194 - The TNM 'TNM_axi_vdma_0_cdc_to', does not
   directly or indirectly drive any flip-flops, latches and/or RAMs and is not
   actively used by any referencing constraint.

WARNING:ConstraintSystem:194 - The TNM 'TNM_axi_vdma_0_cdc_from', does not
   directly or indirectly drive any flip-flops, latches and/or RAMs and is not
   actively used by any referencing constraint.

WARNING:ConstraintSystem:194 - The TNM 'TNM_axi_vdma_0_cdc_to', does not
   directly or indirectly drive any flip-flops, latches and/or RAMs and is not
   actively used by any referencing constraint.

WARNING:ConstraintSystem:194 - The TNM 'TNM_axi_vdma_0_cdc_from', does not
   directly or indirectly drive any flip-flops, latches and/or RAMs and is not
   actively used by any referencing constraint.

WARNING:ConstraintSystem:194 - The TNM 'TNM_axi_vdma_0_cdc_to', does not
   directly or indirectly drive any flip-flops, latches and/or RAMs and is not
   actively used by any referencing constraint.

WARNING:ConstraintSystem:194 - The TNM 'TNM_axi_vdma_0_cdc_from', does not
   directly or indirectly drive any flip-flops, latches and/or RAMs and is not
   actively used by any referencing constraint.

WARNING:ConstraintSystem:194 - The TNM 'TNM_axi_vdma_0_cdc_to', does not
   directly or indirectly drive any flip-flops, latches and/or RAMs and is not
   actively used by any referencing constraint.

WARNING:ConstraintSystem:194 - The TNM 'TNM_axi_vdma_0_cdc_from', does not
   directly or indirectly drive any flip-flops, latches and/or RAMs and is not
   actively used by any referencing constraint.

WARNING:ConstraintSystem:194 - The TNM 'TNM_axi_vdma_0_cdc_to', does not
   directly or indirectly drive any flip-flops, latches and/or RAMs and is not
   actively used by any referencing constraint.

WARNING:ConstraintSystem:194 - The TNM 'TNM_axi_vdma_0_cdc_from', does not
   directly or indirectly drive any flip-flops, latches and/or RAMs and is not
   actively used by any referencing constraint.

WARNING:ConstraintSystem:194 - The TNM 'TNM_axi_vdma_0_cdc_from', does not
   directly or indirectly drive any flip-flops, latches and/or RAMs and is not
   actively used by any referencing constraint.

WARNING:ConstraintSystem:194 - The TNM 'TNM_axi_vdma_0_cdc_to', does not
   directly or indirectly drive any flip-flops, latches and/or RAMs and is not
   actively used by any referencing constraint.

WARNING:ConstraintSystem:194 - The TNM 'TNM_axi_vdma_0_cdc_to', does not
   directly or indirectly drive any flip-flops, latches and/or RAMs and is not
   actively used by any referencing constraint.

WARNING:ConstraintSystem:194 - The TNM 'TNM_axi_vdma_0_cdc_to', does not
   directly or indirectly drive any flip-flops, latches and/or RAMs and is not
   actively used by any referencing constraint.

WARNING:ConstraintSystem:194 - The TNM 'TNM_axi_vdma_0_cdc_from', does not
   directly or indirectly drive any flip-flops, latches and/or RAMs and is not
   actively used by any referencing constraint.

WARNING:ConstraintSystem:194 - The TNM 'TNM_axi_vdma_0_cdc_to', does not
   directly or indirectly drive any flip-flops, latches and/or RAMs and is not
   actively used by any referencing constraint.

WARNING:ConstraintSystem:194 - The TNM 'TNM_axi_vdma_0_cdc_from', does not
   directly or indirectly drive any flip-flops, latches and/or RAMs and is not
   actively used by any referencing constraint.

WARNING:ConstraintSystem:194 - The TNM 'TNM_axi_vdma_0_cdc_to', does not
   directly or indirectly drive any flip-flops, latches and/or RAMs and is not
   actively used by any referencing constraint.

WARNING:ConstraintSystem:194 - The TNM 'TNM_axi_vdma_0_cdc_from', does not
   directly or indirectly drive any flip-flops, latches and/or RAMs and is not
   actively used by any referencing constraint.

WARNING:ConstraintSystem:194 - The TNM 'TNM_axi_vdma_0_cdc_to', does not
   directly or indirectly drive any flip-flops, latches and/or RAMs and is not
   actively used by any referencing constraint.

WARNING:ConstraintSystem:194 - The TNM 'TNM_axi_vdma_0_cdc_from', does not
   directly or indirectly drive any flip-flops, latches and/or RAMs and is not
   actively used by any referencing constraint.

WARNING:ConstraintSystem:194 - The TNM 'TNM_axi_vdma_0_cdc_from', does not
   directly or indirectly drive any flip-flops, latches and/or RAMs and is not
   actively used by any referencing constraint.

WARNING:ConstraintSystem:194 - The TNM 'TNM_axi_vdma_0_cdc_to', does not
   directly or indirectly drive any flip-flops, latches and/or RAMs and is not
   actively used by any referencing constraint.

WARNING:ConstraintSystem:194 - The TNM 'TNM_axi_vdma_0_cdc_from', does not
   directly or indirectly drive any flip-flops, latches and/or RAMs and is not
   actively used by any referencing constraint.

WARNING:ConstraintSystem:194 - The TNM 'TNM_axi_vdma_0_cdc_to', does not
   directly or indirectly drive any flip-flops, latches and/or RAMs and is not
   actively used by any referencing constraint.

WARNING:ConstraintSystem:194 - The TNM 'TNM_axi_vdma_0_cdc_from', does not
   directly or indirectly drive any flip-flops, latches and/or RAMs and is not
   actively used by any referencing constraint.

WARNING:ConstraintSystem:194 - The TNM 'TNM_axi_vdma_0_cdc_to', does not
   directly or indirectly drive any flip-flops, latches and/or RAMs and is not
   actively used by any referencing constraint.

WARNING:ConstraintSystem:194 - The TNM 'TNM_axi_vdma_0_cdc_tig_v', does not
   directly or indirectly drive any flip-flops, latches and/or RAMs and is not
   actively used by any referencing constraint.

WARNING:ConstraintSystem:194 - The TNM 'TNM_axi_vdma_0_cdc_tig_v', does not
   directly or indirectly drive any flip-flops, latches and/or RAMs and is not
   actively used by any referencing constraint.

WARNING:ConstraintSystem:194 - The TNM 'TNM_axi_vdma_0_cdc_tig_v', does not
   directly or indirectly drive any flip-flops, latches and/or RAMs and is not
   actively used by any referencing constraint.

WARNING:ConstraintSystem:194 - The TNM 'TNM_axi_vdma_0_cdc_tig_v', does not
   directly or indirectly drive any flip-flops, latches and/or RAMs and is not
   actively used by any referencing constraint.

WARNING:ConstraintSystem:194 - The TNM 'TNM_axi_vdma_0_cdc_tig_v', does not
   directly or indirectly drive any flip-flops, latches and/or RAMs and is not
   actively used by any referencing constraint.

WARNING:ConstraintSystem:194 - The TNM 'TNM_axi_vdma_0_cdc_tig_v', does not
   directly or indirectly drive any flip-flops, latches and/or RAMs and is not
   actively used by any referencing constraint.

WARNING:ConstraintSystem:194 - The TNM 'TNM_axi_vdma_0_cdc_to', does not
   directly or indirectly drive any flip-flops, latches and/or RAMs and is not
   actively used by any referencing constraint.

WARNING:ConstraintSystem:194 - The TNM 'TNM_axi_vdma_0_cdc_to', does not
   directly or indirectly drive any flip-flops, latches and/or RAMs and is not
   actively used by any referencing constraint.

WARNING:ConstraintSystem:194 - The TNM 'TNM_axi_vdma_0_cdc_from', does not
   directly or indirectly drive any flip-flops, latches and/or RAMs and is not
   actively used by any referencing constraint.

WARNING:ConstraintSystem:194 - The TNM 'TNM_axi_vdma_0_cdc_from', does not
   directly or indirectly drive any flip-flops, latches and/or RAMs and is not
   actively used by any referencing constraint.

WARNING:ConstraintSystem:194 - The TNM 'axi_interconnect_1_reset_resync', does
   not directly or indirectly drive any flip-flops, latches and/or RAMs and is
   not actively used by any referencing constraint.

WARNING:ConstraintSystem:194 - The TNM 'axi4lite_0_reset_resync', does not
   directly or indirectly drive any flip-flops, latches and/or RAMs and is not
   actively used by any referencing constraint.

Done...

Processing BMM file "system.bmm" ...

WARNING::53 - File 'system.bmm' is empty or has no BMM content.


Checking expanded design ...
WARNING:NgdBuild:443 - SFF primitive
   'fmc_imageon_iic_0/fmc_imageon_iic_0/X_IIC/X_AXI_IPIF_SSP1/X_SOFT_RESET/FF_WR
   ACK' has unconnected output pin
WARNING:NgdBuild:452 - logical net 'N156' has no driver
WARNING:NgdBuild:452 - logical net 'N157' has no driver
WARNING:NgdBuild:452 - logical net 'N158' has no driver
WARNING:NgdBuild:452 - logical net 'N159' has no driver
WARNING:NgdBuild:452 - logical net 'N160' has no driver
WARNING:NgdBuild:452 - logical net 'N161' has no driver
WARNING:NgdBuild:452 - logical net 'N162' has no driver
WARNING:NgdBuild:452 - logical net 'N163' has no driver
WARNING:NgdBuild:452 - logical net 'N164' has no driver
WARNING:NgdBuild:452 - logical net 'N165' has no driver
WARNING:NgdBuild:452 - logical net 'N166' has no driver
WARNING:NgdBuild:452 - logical net 'N167' has no driver
WARNING:NgdBuild:452 - logical net 'N168' has no driver
WARNING:NgdBuild:452 - logical net 'N169' has no driver
WARNING:NgdBuild:452 - logical net 'N170' has no driver
WARNING:NgdBuild:452 - logical net 'N171' has no driver
WARNING:NgdBuild:452 - logical net 'N172' has no driver
WARNING:NgdBuild:452 - logical net 'N173' has no driver
WARNING:NgdBuild:452 - logical net 'N174' has no driver
WARNING:NgdBuild:452 - logical net 'N175' has no driver
WARNING:NgdBuild:452 - logical net 'N176' has no driver
WARNING:NgdBuild:452 - logical net 'N177' has no driver
WARNING:NgdBuild:452 - logical net 'N178' has no driver
WARNING:NgdBuild:452 - logical net 'N179' has no driver
WARNING:NgdBuild:452 - logical net 'N180' has no driver
WARNING:NgdBuild:452 - logical net 'N181' has no driver
WARNING:NgdBuild:452 - logical net 'N182' has no driver
WARNING:NgdBuild:452 - logical net 'N183' has no driver
WARNING:NgdBuild:452 - logical net 'N184' has no driver
WARNING:NgdBuild:452 - logical net 'N185' has no driver
WARNING:NgdBuild:452 - logical net 'N186' has no driver
WARNING:NgdBuild:452 - logical net 'N187' has no driver
WARNING:NgdBuild:452 - logical net 'N188' has no driver
WARNING:NgdBuild:452 - logical net 'N189' has no driver
WARNING:NgdBuild:452 - logical net 'N190' has no driver
WARNING:NgdBuild:452 - logical net 'N191' has no driver
WARNING:NgdBuild:452 - logical net 'N192' has no driver
WARNING:NgdBuild:452 - logical net 'N193' has no driver
WARNING:NgdBuild:452 - logical net 'N194' has no driver
WARNING:NgdBuild:452 - logical net 'N195' has no driver
WARNING:NgdBuild:452 - logical net 'N196' has no driver
WARNING:NgdBuild:452 - logical net 'N197' has no driver
WARNING:NgdBuild:452 - logical net 'N198' has no driver
WARNING:NgdBuild:452 - logical net 'N199' has no driver
WARNING:NgdBuild:452 - logical net 'N200' has no driver
WARNING:NgdBuild:452 - logical net 'N201' has no driver
WARNING:NgdBuild:452 - logical net 'N202' has no driver
WARNING:NgdBuild:452 - logical net 'N203' has no driver
WARNING:NgdBuild:452 - logical net 'N204' has no driver
WARNING:NgdBuild:452 - logical net 'N205' has no driver
WARNING:NgdBuild:452 - logical net 'N206' has no driver
WARNING:NgdBuild:452 - logical net 'N207' has no driver
WARNING:NgdBuild:452 - logical net 'N208' has no driver
WARNING:NgdBuild:452 - logical net 'N209' has no driver
WARNING:NgdBuild:452 - logical net 'N210' has no driver
WARNING:NgdBuild:452 - logical net 'N211' has no driver
WARNING:NgdBuild:452 - logical net 'N212' has no driver
WARNING:NgdBuild:452 - logical net 'N213' has no driver
WARNING:NgdBuild:452 - logical net 'N214' has no driver
WARNING:NgdBuild:452 - logical net 'N215' has no driver
WARNING:NgdBuild:452 - logical net 'N216' has no driver
WARNING:NgdBuild:452 - logical net 'N217' has no driver
WARNING:NgdBuild:452 - logical net 'N218' has no driver
WARNING:NgdBuild:452 - logical net 'N219' has no driver
WARNING:NgdBuild:452 - logical net 'N220' has no driver
WARNING:NgdBuild:452 - logical net 'N221' has no driver
WARNING:NgdBuild:452 - logical net 'N222' has no driver
WARNING:NgdBuild:452 - logical net 'N223' has no driver
WARNING:NgdBuild:452 - logical net 'N224' has no driver
WARNING:NgdBuild:452 - logical net 'N225' has no driver
WARNING:NgdBuild:452 - logical net 'N226' has no driver
WARNING:NgdBuild:452 - logical net 'N227' has no driver
WARNING:NgdBuild:452 - logical net 'N228' has no driver
WARNING:NgdBuild:452 - logical net 'N229' has no driver
WARNING:NgdBuild:452 - logical net 'N230' has no driver
WARNING:NgdBuild:452 - logical net 'N231' has no driver
WARNING:NgdBuild:452 - logical net 'N232' has no driver
WARNING:NgdBuild:452 - logical net 'N233' has no driver
WARNING:NgdBuild:452 - logical net 'N234' has no driver
WARNING:NgdBuild:452 - logical net 'N235' has no driver
WARNING:NgdBuild:452 - logical net 'N236' has no driver
WARNING:NgdBuild:452 - logical net 'N237' has no driver
WARNING:NgdBuild:452 - logical net 'N238' has no driver
WARNING:NgdBuild:452 - logical net 'N239' has no driver
WARNING:NgdBuild:452 - logical net 'N240' has no driver
WARNING:NgdBuild:452 - logical net 'N241' has no driver
WARNING:NgdBuild:452 - logical net 'N242' has no driver
WARNING:NgdBuild:452 - logical net 'N243' has no driver
WARNING:NgdBuild:452 - logical net 'N244' has no driver
WARNING:NgdBuild:452 - logical net 'N245' has no driver
WARNING:NgdBuild:452 - logical net 'N246' has no driver
WARNING:NgdBuild:452 - logical net 'N247' has no driver
WARNING:NgdBuild:452 - logical net 'N248' has no driver
WARNING:NgdBuild:452 - logical net 'N249' has no driver
WARNING:NgdBuild:452 - logical net 'N250' has no driver
WARNING:NgdBuild:452 - logical net 'N251' has no driver
WARNING:NgdBuild:452 - logical net 'N252' has no driver
WARNING:NgdBuild:452 - logical net 'N253' has no driver
WARNING:NgdBuild:452 - logical net 'N254' has no driver
WARNING:NgdBuild:452 - logical net 'N255' has no driver
WARNING:NgdBuild:452 - logical net 'N256' has no driver
WARNING:NgdBuild:452 - logical net 'N257' has no driver
WARNING:NgdBuild:452 - logical net 'N258' has no driver
WARNING:NgdBuild:452 - logical net 'N259' has no driver
WARNING:NgdBuild:452 - logical net 'N260' has no driver
WARNING:NgdBuild:452 - logical net 'N261' has no driver
WARNING:NgdBuild:452 - logical net 'N262' has no driver
WARNING:NgdBuild:452 - logical net 'N263' has no driver
WARNING:NgdBuild:452 - logical net 'N264' has no driver
WARNING:NgdBuild:452 - logical net 'N265' has no driver
WARNING:NgdBuild:452 - logical net 'N266' has no driver
WARNING:NgdBuild:452 - logical net 'N267' has no driver
WARNING:NgdBuild:452 - logical net 'N268' has no driver
WARNING:NgdBuild:452 - logical net 'N269' has no driver
WARNING:NgdBuild:452 - logical net 'N270' has no driver
WARNING:NgdBuild:452 - logical net 'N271' has no driver
WARNING:NgdBuild:452 - logical net 'N272' has no driver
WARNING:NgdBuild:452 - logical net 'N273' has no driver
WARNING:NgdBuild:452 - logical net 'N274' has no driver
WARNING:NgdBuild:452 - logical net 'N275' has no driver
WARNING:NgdBuild:452 - logical net 'N276' has no driver
WARNING:NgdBuild:452 - logical net 'N277' has no driver
WARNING:NgdBuild:452 - logical net 'N278' has no driver
WARNING:NgdBuild:452 - logical net 'N279' has no driver
WARNING:NgdBuild:452 - logical net 'N280' has no driver
WARNING:NgdBuild:452 - logical net 'N281' has no driver

Partition Implementation Status
-------------------------------

  No Partitions were found in this design.

-------------------------------

NGDBUILD Design Results Summary:
  Number of errors:     0
  Number of warnings: 260

Writing NGD file "system.ngd" ...
Total REAL time to NGDBUILD completion: 1 min  12 sec
Total CPU time to NGDBUILD completion:  1 min  10 sec

Writing NGDBUILD log file "system.bld"...

NGDBUILD done.



#----------------------------------------------#
# Starting program map
# map -o system_map.ncd -w -pr b -ol high -timing -detail system.ngd system.pcf 
#----------------------------------------------#
Release 14.6 - Map P.68d (lin64)
Copyright (c) 1995-2013 Xilinx, Inc.  All rights reserved.
PMSPEC -- Overriding Xilinx file
</remote/Xilinx/14.6/EDK/data/Xdh_PrimTypeLib.xda> with local file
</remote/Xilinx/14.6/ISE/data/Xdh_PrimTypeLib.xda>
Using target part "7z020clg484-1".
vvvvvvvvvvvvvvvvvvvvvvvvvvvvvvvvvvvvvvvvvvvvvvvvvvvvvvvvvvvvvvvvvvvvvv
INFO:Security:51 - The XILINXD_LICENSE_FILE environment variable is not set.
INFO:Security:52 - The LM_LICENSE_FILE environment variable is set to
'1717@io.ece.iastate.edu:27006@io.ece.iastate.edu'.
INFO:Security:54 - 'xc7z020' is a WebPack part.
WARNING:Security:43 - No license file was found in the standard Xilinx license
directory.
WARNING:Security:44 - Since no license file was found,
       please run the Xilinx License Configuration Manager
       (xlcm or "Manage Xilinx Licenses")
       to assist in obtaining a license.
WARNING:Security:42 - Your software subscription period has lapsed. Your current
version of Xilinx tools will continue to function, but you no longer qualify for
Xilinx software updates or new releases.
----------------------------------------------------------------------
WARNING:LIT:701 - PAD symbol "processing_system7_0_PS_SRSTB" has an undefined
   IOSTANDARD.
WARNING:LIT:702 - PAD symbol "processing_system7_0_PS_SRSTB" is not constrained
   (LOC) to a specific location.
WARNING:LIT:701 - PAD symbol "processing_system7_0_PS_CLK" has an undefined
   IOSTANDARD.
WARNING:LIT:702 - PAD symbol "processing_system7_0_PS_CLK" is not constrained
   (LOC) to a specific location.
WARNING:LIT:701 - PAD symbol "processing_system7_0_PS_PORB" has an undefined
   IOSTANDARD.
WARNING:LIT:702 - PAD symbol "processing_system7_0_PS_PORB" is not constrained
   (LOC) to a specific location.
Mapping design into LUTs...
WARNING:MapLib:701 - Signal fmc_imageon_hdmi_in_0_io_hdmii_spdif_pin connected
   to top level port fmc_imageon_hdmi_in_0_io_hdmii_spdif_pin has been removed.
Writing file system_map.ngm...
Running directed packing...
Running delay-based LUT packing...
Updating timing models...
INFO:Map:215 - The Interim Design Summary has been generated in the MAP Report
   (.mrp).
Running timing-driven placement...
Total REAL time at the beginning of Placer: 1 mins 4 secs 
Total CPU  time at the beginning of Placer: 1 mins 1 secs 

Phase 1.1  Initial Placement Analysis
Phase 1.1  Initial Placement Analysis (Checksum:dd6a4089) REAL time: 1 mins 9 secs 

Phase 2.7  Design Feasibility Check
Phase 2.7  Design Feasibility Check (Checksum:dd6a4089) REAL time: 1 mins 11 secs 

Phase 3.31  Local Placement Optimization
Phase 3.31  Local Placement Optimization (Checksum:dd6a4089) REAL time: 1 mins 11 secs 

Phase 4.2  Initial Placement for Architecture Specific Features

Phase 4.2  Initial Placement for Architecture Specific Features
(Checksum:d3665eb8) REAL time: 1 mins 25 secs 

Phase 5.30  Global Clock Region Assignment
Phase 5.30  Global Clock Region Assignment (Checksum:d3665eb8) REAL time: 1 mins 25 secs 

Phase 6.3  Local Placement Optimization
Phase 6.3  Local Placement Optimization (Checksum:d3665eb8) REAL time: 1 mins 25 secs 

Phase 7.5  Local Placement Optimization
Phase 7.5  Local Placement Optimization (Checksum:d3665eb8) REAL time: 1 mins 25 secs 

Phase 8.8  Global Placement
...................................
.......................................................................................................................
................................................................................................................................................................................
...................................................................................................................................................................
Phase 8.8  Global Placement (Checksum:312e8f4a) REAL time: 4 mins 36 secs 

Phase 9.5  Local Placement Optimization
Phase 9.5  Local Placement Optimization (Checksum:312e8f4a) REAL time: 4 mins 37 secs 

Phase 10.18  Placement Optimization
Phase 10.18  Placement Optimization (Checksum:afa577eb) REAL time: 5 mins 6 secs 

Phase 11.5  Local Placement Optimization
Phase 11.5  Local Placement Optimization (Checksum:afa577eb) REAL time: 5 mins 6 secs 

Phase 12.34  Placement Validation
Phase 12.34  Placement Validation (Checksum:afa577eb) REAL time: 5 mins 7 secs 

Total REAL time to Placer completion: 5 mins 8 secs 
Total CPU  time to Placer completion: 5 mins 6 secs 
Running post-placement packing...
Writing output files...

Design Summary:
Number of errors:      0
Number of warnings:   10
Slice Logic Utilization:
  Number of Slice Registers:                 9,669 out of 106,400    9%
    Number used as Flip Flops:               9,669
    Number used as Latches:                      0
    Number used as Latch-thrus:                  0
    Number used as AND/OR logics:                0
  Number of Slice LUTs:                      9,852 out of  53,200   18%
    Number used as logic:                    9,091 out of  53,200   17%
      Number using O6 output only:           6,872
      Number using O5 output only:             192
      Number using O5 and O6:                2,027
      Number used as ROM:                        0
    Number used as Memory:                     443 out of  17,400    2%
      Number used as Dual Port RAM:             18
        Number using O6 output only:             2
        Number using O5 output only:             2
        Number using O5 and O6:                 14
      Number used as Single Port RAM:            0
      Number used as Shift Register:           425
        Number using O6 output only:           413
        Number using O5 output only:             0
        Number using O5 and O6:                 12
    Number used exclusively as route-thrus:    318
      Number with same-slice register load:    280
      Number with same-slice carry load:        33
      Number with other load:                    5

Slice Logic Distribution:
  Number of occupied Slices:                 4,536 out of  13,300   34%
  Number of LUT Flip Flop pairs used:       12,851
    Number with an unused Flip Flop:         4,062 out of  12,851   31%
    Number with an unused LUT:               2,999 out of  12,851   23%
    Number of fully used LUT-FF pairs:       5,790 out of  12,851   45%
    Number of unique control sets:             417
    Number of slice register sites lost
      to control set restrictions:           1,518 out of 106,400    1%

  A LUT Flip Flop pair for this architecture represents one LUT paired with
  one Flip Flop within a slice.  A control set is a unique combination of
  clock, reset, set, and enable signals for a registered element.
  The Slice Logic Distribution report is not meaningful if the design is
  over-mapped for a non-slice resource or if Placement fails.
  OVERMAPPING of BRAM resources should be ignored if the design is
  over-mapped for a non-BRAM resource or if placement fails.

IO Utilization:
  Number of bonded IOBs:                        90 out of     200   45%
    Number of LOCed IOBs:                       90 out of      90  100%
  Number of bonded IOPAD:                      130 out of     130  100%
    IOB Flip Flops:                             69

Specific Feature Utilization:
  Number of RAMB36E1/FIFO36E1s:                  4 out of     140    2%
    Number using RAMB36E1 only:                  4
    Number using FIFO36E1 only:                  0
  Number of RAMB18E1/FIFO18E1s:                  6 out of     280    2%
    Number using RAMB18E1 only:                  6
    Number using FIFO18E1 only:                  0
  Number of BUFG/BUFGCTRLs:                      5 out of      32   15%
    Number used as BUFGs:                        5
    Number used as BUFGCTRLs:                    0
  Number of IDELAYE2/IDELAYE2_FINEDELAYs:        0 out of     200    0%
  Number of ILOGICE2/ILOGICE3/ISERDESE2s:       16 out of     200    8%
    Number used as ILOGICE2s:                   16
  Number used as  ILOGICE3s:                     0
    Number used as ISERDESE2s:                   0
  Number of ODELAYE2/ODELAYE2_FINEDELAYs:        0
  Number of OLOGICE2/OLOGICE3/OSERDESE2s:       52 out of     200   26%
    Number used as OLOGICE2s:                   52
    Number used as OLOGICE3s:                    0
    Number used as OSERDESE2s:                   0
  Number of PHASER_IN/PHASER_IN_PHYs:            0 out of      16    0%
  Number of PHASER_OUT/PHASER_OUT_PHYs:          0 out of      16    0%
  Number of BSCANs:                              0 out of       4    0%
  Number of BUFHCEs:                             0 out of      72    0%
  Number of BUFRs:                               0 out of      16    0%
  Number of CAPTUREs:                            0 out of       1    0%
  Number of DNA_PORTs:                           0 out of       1    0%
  Number of DSP48E1s:                            0 out of     220    0%
  Number of EFUSE_USRs:                          0 out of       1    0%
  Number of FRAME_ECCs:                          0 out of       1    0%
  Number of ICAPs:                               0 out of       2    0%
  Number of IDELAYCTRLs:                         0 out of       4    0%
  Number of IN_FIFOs:                            0 out of      16    0%
  Number of MMCME2_ADVs:                         0 out of       4    0%
  Number of OUT_FIFOs:                           0 out of      16    0%
  Number of PHASER_REFs:                         0 out of       4    0%
  Number of PHY_CONTROLs:                        0 out of       4    0%
  Number of PLLE2_ADVs:                          0 out of       4    0%
  Number of PS7s:                                1 out of       1  100%
  Number of STARTUPs:                            0 out of       1    0%
  Number of XADCs:                               0 out of       1    0%

Average Fanout of Non-Clock Nets:                4.03

Peak Memory Usage:  1650 MB
Total REAL time to MAP completion:  5 mins 21 secs 
Total CPU time to MAP completion:   5 mins 18 secs 

Mapping completed.
See MAP report file "system_map.mrp" for details.



#----------------------------------------------#
# Starting program par
# par -w -ol high system_map.ncd system.ncd system.pcf 
#----------------------------------------------#
Release 14.6 - par P.68d (lin64)
Copyright (c) 1995-2013 Xilinx, Inc.  All rights reserved.
PMSPEC -- Overriding Xilinx file </remote/Xilinx/14.6/EDK/data/parBmgr.acd> with local file
</remote/Xilinx/14.6/ISE/data/parBmgr.acd>



Constraints file: system.pcf.
Loading device for application Rf_Device from file '7z020.nph' in environment
/remote/Xilinx/14.6/ISE/:/remote/Xilinx/14.6/EDK.
   "system" is an NCD, version 3.2, device xc7z020, package clg484, speed -1
vvvvvvvvvvvvvvvvvvvvvvvvvvvvvvvvvvvvvvvvvvvvvvvvvvvvvvvvvvvvvvvvvvvvvv
INFO:Security:51 - The XILINXD_LICENSE_FILE environment variable is not set.
INFO:Security:52 - The LM_LICENSE_FILE environment variable is set to
'1717@io.ece.iastate.edu:27006@io.ece.iastate.edu'.
INFO:Security:54 - 'xc7z020' is a WebPack part.
WARNING:Security:43 - No license file was found in the standard Xilinx license directory.
WARNING:Security:44 - Since no license file was found,
       please run the Xilinx License Configuration Manager
       (xlcm or "Manage Xilinx Licenses")
       to assist in obtaining a license.
WARNING:Security:42 - Your software subscription period has lapsed. Your current version of Xilinx tools will continue
to function, but you no longer qualify for Xilinx software updates or new releases.

----------------------------------------------------------------------

Initializing temperature to 85.000 Celsius. (default - Range: 0.000 to 85.000 Celsius)
Initializing voltage to 0.950 Volts. (default - Range: 0.950 to 1.050 Volts)


Device speed data version:  "PRODUCTION 1.07 2013-06-08".



Device Utilization Summary:

   Number of BUFGs                           5 out of 32     15%
   Number of ILOGICE2s                      16 out of 200     8%
   Number of External IOB33s                90 out of 200    45%
      Number of LOCed IOB33s                90 out of 90    100%

   Number of External IOPADs               130 out of 130   100%
      Number of LOCed IOPADs               127 out of 130    97%

   Number of OLOGICE2s                      52 out of 200    26%
   Number of PS7s                            1 out of 1     100%
   Number of RAMB18E1s                       6 out of 280     2%
   Number of RAMB36E1s                       4 out of 140     2%
   Number of Slices                       4536 out of 13300  34%
   Number of Slice Registers              9669 out of 106400  9%
      Number used as Flip Flops           9669
      Number used as Latches                 0
      Number used as LatchThrus              0

   Number of Slice LUTS                   9852 out of 53200  18%
   Number of Slice LUT-Flip Flop pairs   12568 out of 53200  23%


Overall effort level (-ol):   High 
Router effort level (-rl):    High 

INFO:Timing:3386 - Intersecting Constraints found and resolved.  For more information, see the TSI report.  Please consult the Xilinx
   Command Line Tools User Guide for information on generating a TSI report.
Starting initial Timing Analysis.  REAL time: 31 secs 
Finished initial Timing Analysis.  REAL time: 31 secs 

WARNING:Par:288 - The signal
   axi_interconnect_1/axi_interconnect_1/mi_protocol_conv_bank/gen_protocol_slot[0].gen_prot_conv.conv_inst/gen_axi3.axi3_conv_inst/USE_WRIT
   E.write_addr_inst/USE_BURSTS.cmd_queue/inst/fifo_gen_inst/U0/xst_fifo_generator/gconvfifo.rf/grf.rf/gntv_or_sync_fifo.mem/gdm.dm/Mram_RAM
   _RAMD_D1_O has no load.  PAR will not attempt to route this signal.
WARNING:Par:288 - The signal
   axi_interconnect_1/axi_interconnect_1/mi_protocol_conv_bank/gen_protocol_slot[0].gen_prot_conv.conv_inst/gen_axi3.axi3_conv_inst/USE_WRIT
   E.write_addr_inst/USE_B_CHANNEL.cmd_b_queue/inst/fifo_gen_inst/U0/xst_fifo_generator/gconvfifo.rf/grf.rf/gntv_or_sync_fifo.mem/gdm.dm/Mra
   m_RAM_RAMD_D1_O has no load.  PAR will not attempt to route this signal.
WARNING:Par:288 - The signal
   axi_vdma_0/axi_vdma_0/I_PRMRY_DATAMOVER/GEN_S2MM_FULL.I_S2MM_FULL_WRAPPER/GEN_ENABLE_INDET_BTT_SF.I_INDET_BTT/I_XD_FIFO/S6.I_SYNC_FIFOGEN
   _FIFO/V6_S6_AND_LATER.I_SYNC_FIFO_BRAM/U0/xst_fifo_generator/gconvfifo.rf/grf.rf/gntv_or_sync_fifo.mem/gdm.dm/Mram_RAM1_RAMD_D1_O has no
   load.  PAR will not attempt to route this signal.
Starting Router


Phase  1  : 62820 unrouted;      REAL time: 34 secs 

Phase  2  : 53057 unrouted;      REAL time: 37 secs 

Phase  3  : 19136 unrouted;      REAL time: 55 secs 

Phase  4  : 19093 unrouted; (Setup:0, Hold:89687, Component Switching Limit:0)     REAL time: 1 mins 4 secs 

Updating file: system.ncd with current fully routed design.

Phase  5  : 0 unrouted; (Setup:69, Hold:78100, Component Switching Limit:0)     REAL time: 1 mins 38 secs 

Phase  6  : 0 unrouted; (Setup:0, Hold:78100, Component Switching Limit:0)     REAL time: 1 mins 42 secs 

Phase  7  : 0 unrouted; (Setup:0, Hold:78100, Component Switching Limit:0)     REAL time: 1 mins 42 secs 

Phase  8  : 0 unrouted; (Setup:0, Hold:78100, Component Switching Limit:0)     REAL time: 1 mins 42 secs 

Phase  9  : 0 unrouted; (Setup:0, Hold:0, Component Switching Limit:0)     REAL time: 1 mins 50 secs 
Total REAL time to Router completion: 1 mins 50 secs 
Total CPU time to Router completion: 1 mins 56 secs 

Partition Implementation Status
-------------------------------

  No Partitions were found in this design.

-------------------------------

Generating "PAR" statistics.

**************************
Generating Clock Report
**************************

+---------------------+--------------+------+------+------------+-------------+
|        Clock Net    |   Resource   |Locked|Fanout|Net Skew(ns)|Max Delay(ns)|
+---------------------+--------------+------+------+------------+-------------+
|processing_system7_0 |              |      |      |            |             |
|          _FCLK_CLK1 |BUFGCTRL_X0Y30| No   | 1582 |  0.419     |  2.038      |
+---------------------+--------------+------+------+------------+-------------+
|processing_system7_0 |              |      |      |            |             |
|          _FCLK_CLK0 |BUFGCTRL_X0Y31| No   |  771 |  0.439     |  2.058      |
+---------------------+--------------+------+------+------------+-------------+
|fmc_imageon_video_cl |              |      |      |            |             |
|        k1_pin_BUFGP |BUFGCTRL_X0Y29| No   |  438 |  0.375     |  2.077      |
+---------------------+--------------+------+------+------------+-------------+
|fmc_imageon_hdmi_in_ |              |      |      |            |             |
|     0_clk_pin_BUFGP |BUFGCTRL_X0Y28| No   |  450 |  0.440     |  2.076      |
+---------------------+--------------+------+------+------------+-------------+
|led_pwm_0/led_pwm_0/ |              |      |      |            |             |
|USER_LOGIC_I/prescal |              |      |      |            |             |
|     er/out_clk_BUFG | BUFGCTRL_X0Y0| No   |   38 |  0.112     |  1.860      |
+---------------------+--------------+------+------+------------+-------------+

* Net Skew is the difference between the minimum and maximum routing
only delays for the net. Note this is different from Clock Skew which
is reported in TRCE timing report. Clock Skew is the difference between
the minimum and maximum path delays which includes logic delays.

* The fanout is the number of component pins not the individual BEL loads,
for example SLICE loads not FF loads.

Timing Score: 0 (Setup: 0, Hold: 0, Component Switching Limit: 0)

Asterisk (*) preceding a constraint indicates it was not met.
   This may be due to a setup or hold violation.

----------------------------------------------------------------------------------------------------------
  Constraint                                |    Check    | Worst Case |  Best Case | Timing |   Timing   
                                            |             |    Slack   | Achievable | Errors |    Score   
----------------------------------------------------------------------------------------------------------
  TS_clk_fpga_0 = PERIOD TIMEGRP "clk_fpga_ | SETUP       |     0.001ns|     9.999ns|       0|           0
  0" 100 MHz HIGH 50%                       | HOLD        |     0.010ns|            |       0|           0
----------------------------------------------------------------------------------------------------------
  TS_vout_clk = PERIOD TIMEGRP "vout_clk" 1 | SETUP       |     0.003ns|     6.731ns|       0|           0
  48.5 MHz HIGH 50%                         | HOLD        |     0.000ns|            |       0|           0
----------------------------------------------------------------------------------------------------------
  TS_clk_fpga_1 = PERIOD TIMEGRP "clk_fpga_ | SETUP       |     0.014ns|     6.986ns|       0|           0
  1" 142.857 MHz HIGH 50%                   | HOLD        |     0.002ns|            |       0|           0
----------------------------------------------------------------------------------------------------------
  TS_v_tc_vid_in_0_vid_async_clock_conv = M | SETUP       |     0.073ns|     1.927ns|       0|           0
  AXDELAY FROM TIMEGRP "FFS" TO TIMEGRP     | HOLD        |     0.173ns|            |       0|           0
       "v_tc_vid_in_0_vid_async_clock_conv_ |             |            |            |        |            
  FFDEST" 2 ns DATAPATHONLY                 |             |            |            |        |            
----------------------------------------------------------------------------------------------------------
  TS_hdmii_clk = PERIOD TIMEGRP "hdmii_clk" | SETUP       |     0.136ns|     6.598ns|       0|           0
   148.5 MHz HIGH 50%                       | HOLD        |     0.030ns|            |       0|           0
----------------------------------------------------------------------------------------------------------
  TS_v_tc_vid_out_0_vid_async_clock_conv =  | SETUP       |     5.075ns|     1.659ns|       0|           0
  MAXDELAY FROM TIMEGRP "FFS" TO         TI | HOLD        |     0.149ns|            |       0|           0
  MEGRP "v_tc_vid_out_0_vid_async_clock_con |             |            |            |        |            
  v_FFDEST" 6.734 ns         DATAPATHONLY   |             |            |            |        |            
----------------------------------------------------------------------------------------------------------
  TS_v_tc_vid_out_0_async_clock_conv = MAXD | SETUP       |     7.826ns|     2.174ns|       0|           0
  ELAY FROM TIMEGRP "FFS" TO TIMEGRP        | HOLD        |     0.190ns|            |       0|           0
    "v_tc_vid_out_0_async_clock_conv_FFDEST |             |            |            |        |            
  " 10 ns DATAPATHONLY                      |             |            |            |        |            
----------------------------------------------------------------------------------------------------------
  TS_v_tc_vid_in_0_async_clock_conv = MAXDE | SETUP       |     8.001ns|     1.999ns|       0|           0
  LAY FROM TIMEGRP "FFS" TO TIMEGRP         | HOLD        |     0.386ns|            |       0|           0
   "v_tc_vid_in_0_async_clock_conv_FFDEST"  |             |            |            |        |            
  10 ns DATAPATHONLY                        |             |            |            |        |            
----------------------------------------------------------------------------------------------------------
  PATH "TS_axi_vdma_0_cdc_tig_v_path" TIG   | SETUP       |         N/A|     9.242ns|     N/A|           0
----------------------------------------------------------------------------------------------------------
  PATH "TS_axi_vdma_0_cdc_from_2_cdc_to_pat | SETUP       |         N/A|     5.063ns|     N/A|           0
  h" TIG                                    |             |            |            |        |            
----------------------------------------------------------------------------------------------------------
  PATH "TS_axi_interconnect_1_reset_resync_ | SETUP       |         N/A|     1.170ns|     N/A|           0
  path" TIG                                 |             |            |            |        |            
----------------------------------------------------------------------------------------------------------
  PATH "TS_axi4lite_0_reset_resync_path" TI | SETUP       |         N/A|     1.092ns|     N/A|           0
  G                                         |             |            |            |        |            
----------------------------------------------------------------------------------------------------------


All constraints were met.
INFO:Timing:2761 - N/A entries in the Constraints List may indicate that the 
   constraint is not analyzed due to the following: No paths covered by this 
   constraint; Other constraints intersect with this constraint; or This 
   constraint was disabled by a Path Tracing Control. Please run the Timespec 
   Interaction Report (TSI) via command line (trce tsi) or Timing Analyzer GUI.


Generating Pad Report.

All signals are completely routed.

WARNING:Par:283 - There are 3 loadless signals in this design. This design will cause Bitgen to issue DRC warnings.

Total REAL time to PAR completion: 1 mins 54 secs 
Total CPU time to PAR completion: 2 mins 

Peak Memory Usage:  1302 MB

Placer: Placement generated during map.
Routing: Completed - No errors found.
Timing: Completed - No errors found.

Number of error messages: 0
Number of warning messages: 5
Number of info messages: 1

Writing design to file system.ncd



PAR done!



#----------------------------------------------#
# Starting program post_par_trce
# trce -e 3 -xml system.twx system.ncd system.pcf 
#----------------------------------------------#
Release 14.6 - Trace  (lin64)
Copyright (c) 1995-2013 Xilinx, Inc.  All rights reserved.


PMSPEC -- Overriding Xilinx file </remote/Xilinx/14.6/EDK/zynq/data/zynq.acd>
with local file </remote/Xilinx/14.6/ISE/zynq/data/zynq.acd>
Loading device for application Rf_Device from file '7z020.nph' in environment
/remote/Xilinx/14.6/ISE/:/remote/Xilinx/14.6/EDK.
   "system" is an NCD, version 3.2, device xc7z020, package clg484, speed -1
INFO:Timing:3386 - Intersecting Constraints found and resolved.  For more
   information, see the TSI report.  Please consult the Xilinx Command Line
   Tools User Guide for information on generating a TSI report.
--------------------------------------------------------------------------------
Release 14.6 Trace  (lin64)
Copyright (c) 1995-2013 Xilinx, Inc.  All rights reserved.

/remote/Xilinx/14.6/ISE/bin/lin64/unwrapped/trce -e 3 -xml system.twx
system.ncd system.pcf


Design file:              system.ncd
Physical constraint file: system.pcf
Device,speed:             xc7z020,-1 (PRODUCTION 1.07 2013-06-08)
Report level:             error report
--------------------------------------------------------------------------------

INFO:Timing:3412 - To improve timing, see the Timing Closure User Guide (UG612).
INFO:Timing:2752 - To get complete path coverage, use the unconstrained paths option. All paths that are not constrained will be reported in
   the unconstrained paths section(s) of the report.
INFO:Timing:3339 - The clock-to-out numbers in this timing report are based on a 50 Ohm transmission line loading model.  For the details of
   this model, and for more information on accounting for different loading conditions, please see the device datasheet.


Timing summary:
---------------

Timing errors: 0  Score: 0 (Setup/Max: 0, Hold: 0)

Constraints cover 309266 paths, 0 nets, and 53935 connections

Design statistics:
   Minimum period:   9.999ns (Maximum frequency: 100.010MHz)
   Maximum path delay from/to any node:   2.174ns


Analysis completed Mon Dec  1 22:46:06 2014
--------------------------------------------------------------------------------

Generating Report ...

Number of warnings: 0
Number of info messages: 4
Total time: 35 secs 


