15:46:42 **** Auto Build of project final_bsp ****
make -k all 
libgen -hw ../system_hw_platform/system.xml\
	       -lp /home/vens/classes/Fall2014/cpre488/labs/final/Final/repository/ProcessorIPLib\
	       -pe ps7_cortexa9_0 \
	       -log libgen.log \
	       system.mss
libgen
Xilinx EDK 14.6 Build EDK_P.68d
Copyright (c) 1995-2012 Xilinx, Inc.  All rights reserved.

Command Line: libgen -hw ../system_hw_platform/system.xml -lp
/home/vens/classes/Fall2014/cpre488/labs/final/Final/repository/ProcessorIPLib
-pe ps7_cortexa9_0 -log libgen.log system.mss 


Staging source files.
Running DRCs.
Running generate.
Running post_generate.
Running include - 'gmake -s include "COMPILER=arm-xilinx-eabi-gcc"
"ARCHIVER=arm-xilinx-eabi-ar" "COMPILER_FLAGS= -O2 -c"
"EXTRA_COMPILER_FLAGS=-g"'.

Running libs - 'gmake -s libs "COMPILER=arm-xilinx-eabi-gcc"
"ARCHIVER=arm-xilinx-eabi-ar" "COMPILER_FLAGS= -O2 -c"
"EXTRA_COMPILER_FLAGS=-g"'.
Compiling common
arm-xilinx-eabi-ar: creating ../../../lib/libxil.a
Compiling xadc
Compiling standalone
Compiling fmc_iic_sw
Compiling fmc_imageon_sw
Compiling fmc_ipmi_sw
Compiling axivdma
Compiling gpio
Compiling iic
Compiling devcfg
Compiling dmaps
Compiling emacps
Compiling gpiops
Compiling qspips
Compiling scugic
Compiling scutimer
Compiling scuwdt
Compiling ttcps
Compiling uartps
Compiling usbps
Compiling video timing controller
Compiling cpu_cortexa9
Running execs_generate.
Finished building libraries

15:48:22 Build Finished (took 1m:39s.873ms)

